2024-05-27 22:17:56,754 [Worker-4: Loading available Gradle versions] INFO  o.e.b.c.i.u.g.PublishedGradleVersions - Gradle version information cache is out-of-date. Trying to update.
2024-05-28 13:33:45,431 [Worker-0: Loading available Gradle versions] INFO  o.e.b.c.i.u.g.PublishedGradleVersions - Gradle version information cache is up-to-date. Trying to read.
2024-05-28 16:27:07,891 [Worker-1: Loading available Gradle versions] INFO  o.e.b.c.i.u.g.PublishedGradleVersions - Gradle version information cache is up-to-date. Trying to read.
2024-05-28 17:14:42,027 [Worker-3: Loading available Gradle versions] INFO  o.e.b.c.i.u.g.PublishedGradleVersions - Gradle version information cache is up-to-date. Trying to read.
2024-05-28 18:28:29,169 [Worker-14: Loading available Gradle versions] INFO  o.e.b.c.i.u.g.PublishedGradleVersions - Gradle version information cache is up-to-date. Trying to read.
2024-05-28 20:25:36,714 [Worker-0: Loading available Gradle versions] INFO  o.e.b.c.i.u.g.PublishedGradleVersions - Gradle version information cache is up-to-date. Trying to read.
2024-05-29 16:58:01,526 [Worker-0: Loading available Gradle versions] INFO  o.e.b.c.i.u.g.PublishedGradleVersions - Gradle version information cache is out-of-date. Trying to update.
2024-05-30 17:41:40,022 [Worker-0: Loading available Gradle versions] INFO  o.e.b.c.i.u.g.PublishedGradleVersions - Gradle version information cache is out-of-date. Trying to update.
2024-05-30 22:43:49,276 [Worker-3: Loading available Gradle versions] INFO  o.e.b.c.i.u.g.PublishedGradleVersions - Gradle version information cache is up-to-date. Trying to read.
2024-05-31 17:22:02,782 [Worker-3: Loading available Gradle versions] INFO  o.e.b.c.i.u.g.PublishedGradleVersions - Gradle version information cache is up-to-date. Trying to read.
2024-05-31 18:11:05,882 [Worker-1: Loading available Gradle versions] INFO  o.e.b.c.i.u.g.PublishedGradleVersions - Gradle version information cache is out-of-date. Trying to update.
2024-06-01 10:54:45,214 [Worker-2: Loading available Gradle versions] INFO  o.e.b.c.i.u.g.PublishedGradleVersions - Gradle version information cache is up-to-date. Trying to read.
2024-06-02 21:19:13,662 [Worker-1: Loading available Gradle versions] INFO  o.e.b.c.i.u.g.PublishedGradleVersions - Gradle version information cache is out-of-date. Trying to update.
2024-06-03 16:52:18,821 [Worker-2: Loading available Gradle versions] INFO  o.e.b.c.i.u.g.PublishedGradleVersions - Gradle version information cache is up-to-date. Trying to read.
2024-06-04 11:42:44,929 [Worker-1: Loading available Gradle versions] INFO  o.e.b.c.i.u.g.PublishedGradleVersions - Gradle version information cache is out-of-date. Trying to update.
2024-06-04 12:10:26,926 [Worker-3: Loading available Gradle versions] INFO  o.e.b.c.i.u.g.PublishedGradleVersions - Gradle version information cache is up-to-date. Trying to read.
2024-06-04 12:44:13,256 [Worker-1: Loading available Gradle versions] INFO  o.e.b.c.i.u.g.PublishedGradleVersions - Gradle version information cache is up-to-date. Trying to read.
2024-06-05 15:45:59,316 [Worker-1: Loading available Gradle versions] INFO  o.e.b.c.i.u.g.PublishedGradleVersions - Gradle version information cache is out-of-date. Trying to update.
2024-06-05 16:59:01,495 [Worker-2: Loading available Gradle versions] INFO  o.e.b.c.i.u.g.PublishedGradleVersions - Gradle version information cache is up-to-date. Trying to read.
2024-06-05 22:24:24,853 [Worker-14: Loading available Gradle versions] INFO  o.e.b.c.i.u.g.PublishedGradleVersions - Gradle version information cache is up-to-date. Trying to read.
2024-06-06 14:19:41,091 [Worker-3: Loading available Gradle versions] INFO  o.e.b.c.i.u.g.PublishedGradleVersions - Gradle version information cache is up-to-date. Trying to read.
2024-06-07 12:53:18,683 [Worker-2: Loading available Gradle versions] INFO  o.e.b.c.i.u.g.PublishedGradleVersions - Gradle version information cache is out-of-date. Trying to update.
2024-06-07 12:53:22,673 [Worker-2: Loading available Gradle versions] INFO  o.e.b.c.i.u.g.PublishedGradleVersions - Updating Gradle version information cache failed. Using outdated cache.
2024-06-10 17:12:05,811 [Worker-1: Loading available Gradle versions] INFO  o.e.b.c.i.u.g.PublishedGradleVersions - Gradle version information cache is out-of-date. Trying to update.
2024-06-11 17:20:24,444 [Worker-1: Loading available Gradle versions] INFO  o.e.b.c.i.u.g.PublishedGradleVersions - Gradle version information cache is out-of-date. Trying to update.
2024-06-14 14:37:00,143 [Worker-1: Loading available Gradle versions] INFO  o.e.b.c.i.u.g.PublishedGradleVersions - Gradle version information cache is out-of-date. Trying to update.
2024-06-18 11:15:08,737 [Worker-0: Loading available Gradle versions] INFO  o.e.b.c.i.u.g.PublishedGradleVersions - Gradle version information cache is out-of-date. Trying to update.
2024-06-18 11:17:11,733 [Worker-0: Loading available Gradle versions] INFO  o.e.b.c.i.u.g.PublishedGradleVersions - Gradle version information cache is up-to-date. Trying to read.
2024-06-19 17:07:01,876 [Worker-0: Loading available Gradle versions] INFO  o.e.b.c.i.u.g.PublishedGradleVersions - Gradle version information cache is out-of-date. Trying to update.
2024-06-20 10:07:40,627 [Worker-0: Loading available Gradle versions] INFO  o.e.b.c.i.u.g.PublishedGradleVersions - Gradle version information cache is up-to-date. Trying to read.
2024-06-21 11:45:08,978 [Worker-0: Loading available Gradle versions] INFO  o.e.b.c.i.u.g.PublishedGradleVersions - Gradle version information cache is out-of-date. Trying to update.
2024-06-21 11:45:11,914 [Worker-0: Loading available Gradle versions] INFO  o.e.b.c.i.u.g.PublishedGradleVersions - Updating Gradle version information cache failed. Using outdated cache.
2024-06-23 21:19:59,454 [Worker-0: Loading available Gradle versions] INFO  o.e.b.c.i.u.g.PublishedGradleVersions - Gradle version information cache is out-of-date. Trying to update.
2024-06-24 12:52:35,652 [Worker-1: Loading available Gradle versions] INFO  o.e.b.c.i.u.g.PublishedGradleVersions - Gradle version information cache is up-to-date. Trying to read.
2024-06-24 12:54:53,836 [Worker-0: Loading available Gradle versions] INFO  o.e.b.c.i.u.g.PublishedGradleVersions - Gradle version information cache is up-to-date. Trying to read.
2024-06-24 12:59:36,363 [Worker-1: Loading available Gradle versions] INFO  o.e.b.c.i.u.g.PublishedGradleVersions - Gradle version information cache is up-to-date. Trying to read.
2024-06-25 13:35:57,565 [Worker-2: Loading available Gradle versions] INFO  o.e.b.c.i.u.g.PublishedGradleVersions - Gradle version information cache is out-of-date. Trying to update.
2024-06-25 13:35:59,910 [Worker-2: Loading available Gradle versions] INFO  o.e.b.c.i.u.g.PublishedGradleVersions - Updating Gradle version information cache failed. Using outdated cache.
2024-06-25 16:39:54,749 [Worker-2: Loading available Gradle versions] INFO  o.e.b.c.i.u.g.PublishedGradleVersions - Gradle version information cache is out-of-date. Trying to update.
2024-06-28 12:04:23,184 [Worker-1: Loading available Gradle versions] INFO  o.e.b.c.i.u.g.PublishedGradleVersions - Gradle version information cache is out-of-date. Trying to update.
2024-06-28 12:04:26,528 [Worker-1: Loading available Gradle versions] INFO  o.e.b.c.i.u.g.PublishedGradleVersions - Updating Gradle version information cache failed. Using outdated cache.
2024-07-01 17:48:09,988 [Worker-3: Loading available Gradle versions] INFO  o.e.b.c.i.u.g.PublishedGradleVersions - Gradle version information cache is out-of-date. Trying to update.
2024-07-01 17:48:24,299 [Worker-3: Loading available Gradle versions] INFO  o.e.b.c.i.u.g.PublishedGradleVersions - Updating Gradle version information cache failed. Using outdated cache.
2024-07-02 15:59:13,561 [Worker-0: Loading available Gradle versions] INFO  o.e.b.c.i.u.g.PublishedGradleVersions - Gradle version information cache is out-of-date. Trying to update.
2024-07-02 15:59:26,547 [Worker-0: Loading available Gradle versions] INFO  o.e.b.c.i.u.g.PublishedGradleVersions - Updating Gradle version information cache failed. Using outdated cache.
2024-07-05 20:43:21,910 [Worker-1: Loading available Gradle versions] INFO  o.e.b.c.i.u.g.PublishedGradleVersions - Gradle version information cache is out-of-date. Trying to update.
2024-07-11 19:30:30,218 [Worker-3: Loading available Gradle versions] INFO  o.e.b.c.i.u.g.PublishedGradleVersions - Gradle version information cache is out-of-date. Trying to update.
2024-07-12 22:15:49,618 [Worker-1: Loading available Gradle versions] INFO  o.e.b.c.i.u.g.PublishedGradleVersions - Gradle version information cache is out-of-date. Trying to update.
2024-07-15 20:09:07,025 [Worker-0: Loading available Gradle versions] INFO  o.e.b.c.i.u.g.PublishedGradleVersions - Gradle version information cache is out-of-date. Trying to update.
2024-07-16 16:28:17,601 [Worker-0: Loading available Gradle versions] INFO  o.e.b.c.i.u.g.PublishedGradleVersions - Gradle version information cache is up-to-date. Trying to read.
2024-07-16 17:17:05,092 [Worker-2: Loading available Gradle versions] INFO  o.e.b.c.i.u.g.PublishedGradleVersions - Gradle version information cache is up-to-date. Trying to read.
2024-07-17 17:17:25,192 [Worker-1: Loading available Gradle versions] INFO  o.e.b.c.i.u.g.PublishedGradleVersions - Gradle version information cache is out-of-date. Trying to update.
2024-07-18 17:02:22,774 [Worker-0: Loading available Gradle versions] INFO  o.e.b.c.i.u.g.PublishedGradleVersions - Gradle version information cache is up-to-date. Trying to read.
2024-07-19 11:20:15,115 [Worker-0: Loading available Gradle versions] INFO  o.e.b.c.i.u.g.PublishedGradleVersions - Gradle version information cache is out-of-date. Trying to update.
2024-07-20 22:42:22,115 [Worker-1: Loading available Gradle versions] INFO  o.e.b.c.i.u.g.PublishedGradleVersions - Gradle version information cache is out-of-date. Trying to update.
2024-07-23 09:29:45,043 [Worker-4: Loading available Gradle versions] INFO  o.e.b.c.i.u.g.PublishedGradleVersions - Gradle version information cache is out-of-date. Trying to update.
2024-07-23 17:14:15,367 [Worker-1: Loading available Gradle versions] INFO  o.e.b.c.i.u.g.PublishedGradleVersions - Gradle version information cache is up-to-date. Trying to read.
2024-07-24 12:08:33,265 [Worker-1: Loading available Gradle versions] INFO  o.e.b.c.i.u.g.PublishedGradleVersions - Gradle version information cache is out-of-date. Trying to update.
2024-07-24 17:09:58,990 [Worker-1: Loading available Gradle versions] INFO  o.e.b.c.i.u.g.PublishedGradleVersions - Gradle version information cache is up-to-date. Trying to read.
2024-07-24 22:50:08,544 [Worker-0: Loading available Gradle versions] INFO  o.e.b.c.i.u.g.PublishedGradleVersions - Gradle version information cache is up-to-date. Trying to read.
2024-07-25 17:05:16,566 [Worker-1: Loading available Gradle versions] INFO  o.e.b.c.i.u.g.PublishedGradleVersions - Gradle version information cache is out-of-date. Trying to update.
2024-07-25 17:50:27,867 [ModalContext] INFO  o.e.m.c.i.e.AbstractTransferListenerAdapter - Downloading https://repo.maven.apache.org/maven2/org/apache/maven/archetypes/maven-archetype-quickstart/1.1/maven-archetype-quickstart-1.1.pom
2024-07-25 17:50:28,060 [ModalContext] INFO  o.e.m.c.i.e.AbstractTransferListenerAdapter - Downloaded https://repo.maven.apache.org/maven2/org/apache/maven/archetypes/maven-archetype-quickstart/1.1/maven-archetype-quickstart-1.1.pom
2024-07-25 17:50:28,250 [ModalContext] INFO  o.e.m.c.i.e.AbstractTransferListenerAdapter - Downloading https://repo.maven.apache.org/maven2/org/apache/maven/archetypes/maven-archetype-bundles/4/maven-archetype-bundles-4.pom
2024-07-25 17:50:28,329 [ModalContext] INFO  o.e.m.c.i.e.AbstractTransferListenerAdapter - Downloaded https://repo.maven.apache.org/maven2/org/apache/maven/archetypes/maven-archetype-bundles/4/maven-archetype-bundles-4.pom
2024-07-25 17:50:28,383 [ModalContext] INFO  o.e.m.c.i.e.AbstractTransferListenerAdapter - Downloading https://repo.maven.apache.org/maven2/org/apache/maven/archetype/maven-archetype/2.0-alpha-5/maven-archetype-2.0-alpha-5.pom
2024-07-25 17:50:28,506 [ModalContext] INFO  o.e.m.c.i.e.AbstractTransferListenerAdapter - Downloaded https://repo.maven.apache.org/maven2/org/apache/maven/archetype/maven-archetype/2.0-alpha-5/maven-archetype-2.0-alpha-5.pom
2024-07-25 17:50:28,732 [ModalContext] INFO  o.e.m.c.i.e.AbstractTransferListenerAdapter - Downloading https://repo.maven.apache.org/maven2/org/apache/maven/archetypes/maven-archetype-quickstart/1.1/maven-archetype-quickstart-1.1.jar
2024-07-25 17:50:29,016 [ModalContext] INFO  o.e.m.c.i.e.AbstractTransferListenerAdapter - Downloaded https://repo.maven.apache.org/maven2/org/apache/maven/archetypes/maven-archetype-quickstart/1.1/maven-archetype-quickstart-1.1.jar
2024-07-25 17:51:53,730 [Worker-25: Launching mavenrun-9ced63e8-3822-4c94-b2d8-6169dc089ebd] INFO  o.eclipse.m2e.core.internal.Bundles - getClasspathEntries(Bundle=org.eclipse.m2e.maven.runtime_3.9.600.20231203-1234 [299])
2024-07-25 17:51:53,736 [Worker-25: Launching mavenrun-9ced63e8-3822-4c94-b2d8-6169dc089ebd] INFO  o.eclipse.m2e.core.internal.Bundles - 	Entry: C:\Users\Hp\.p2\pool\plugins\org.eclipse.m2e.maven.runtime_3.9.600.20231203-1234
2024-07-25 17:51:53,737 [Worker-25: Launching mavenrun-9ced63e8-3822-4c94-b2d8-6169dc089ebd] INFO  o.eclipse.m2e.core.internal.Bundles - 	Entry: C:\Users\Hp\.p2\pool\plugins\org.eclipse.m2e.maven.runtime_3.9.600.20231203-1234\jars\aopalliance-1.0.jar
2024-07-25 17:51:53,738 [Worker-25: Launching mavenrun-9ced63e8-3822-4c94-b2d8-6169dc089ebd] INFO  o.eclipse.m2e.core.internal.Bundles - 	Entry: C:\Users\Hp\.p2\pool\plugins\org.eclipse.m2e.maven.runtime_3.9.600.20231203-1234\jars\guice-5.1.0.jar
2024-07-25 17:51:53,738 [Worker-25: Launching mavenrun-9ced63e8-3822-4c94-b2d8-6169dc089ebd] INFO  o.eclipse.m2e.core.internal.Bundles - 	Entry: C:\Users\Hp\.p2\pool\plugins\org.eclipse.m2e.maven.runtime_3.9.600.20231203-1234\jars\httpclient-4.5.14.jar
2024-07-25 17:51:53,739 [Worker-25: Launching mavenrun-9ced63e8-3822-4c94-b2d8-6169dc089ebd] INFO  o.eclipse.m2e.core.internal.Bundles - 	Entry: C:\Users\Hp\.p2\pool\plugins\org.eclipse.m2e.maven.runtime_3.9.600.20231203-1234\jars\httpcore-4.4.16.jar
2024-07-25 17:51:53,739 [Worker-25: Launching mavenrun-9ced63e8-3822-4c94-b2d8-6169dc089ebd] INFO  o.eclipse.m2e.core.internal.Bundles - 	Entry: C:\Users\Hp\.p2\pool\plugins\org.eclipse.m2e.maven.runtime_3.9.600.20231203-1234\jars\jansi-2.4.0.jar
2024-07-25 17:51:53,739 [Worker-25: Launching mavenrun-9ced63e8-3822-4c94-b2d8-6169dc089ebd] INFO  o.eclipse.m2e.core.internal.Bundles - 	Entry: C:\Users\Hp\.p2\pool\plugins\org.eclipse.m2e.maven.runtime_3.9.600.20231203-1234\jars\jcl-over-slf4j-1.7.36.jar
2024-07-25 17:51:53,740 [Worker-25: Launching mavenrun-9ced63e8-3822-4c94-b2d8-6169dc089ebd] INFO  o.eclipse.m2e.core.internal.Bundles - 	Entry: C:\Users\Hp\.p2\pool\plugins\org.eclipse.m2e.maven.runtime_3.9.600.20231203-1234\jars\maven-artifact-3.9.6.jar
2024-07-25 17:51:53,741 [Worker-25: Launching mavenrun-9ced63e8-3822-4c94-b2d8-6169dc089ebd] INFO  o.eclipse.m2e.core.internal.Bundles - 	Entry: C:\Users\Hp\.p2\pool\plugins\org.eclipse.m2e.maven.runtime_3.9.600.20231203-1234\jars\maven-builder-support-3.9.6.jar
2024-07-25 17:51:53,742 [Worker-25: Launching mavenrun-9ced63e8-3822-4c94-b2d8-6169dc089ebd] INFO  o.eclipse.m2e.core.internal.Bundles - 	Entry: C:\Users\Hp\.p2\pool\plugins\org.eclipse.m2e.maven.runtime_3.9.600.20231203-1234\jars\maven-compat-3.9.6.jar
2024-07-25 17:51:53,743 [Worker-25: Launching mavenrun-9ced63e8-3822-4c94-b2d8-6169dc089ebd] INFO  o.eclipse.m2e.core.internal.Bundles - 	Entry: C:\Users\Hp\.p2\pool\plugins\org.eclipse.m2e.maven.runtime_3.9.600.20231203-1234\jars\maven-core-3.9.6.jar
2024-07-25 17:51:53,743 [Worker-25: Launching mavenrun-9ced63e8-3822-4c94-b2d8-6169dc089ebd] INFO  o.eclipse.m2e.core.internal.Bundles - 	Entry: C:\Users\Hp\.p2\pool\plugins\org.eclipse.m2e.maven.runtime_3.9.600.20231203-1234\jars\maven-embedder-3.9.6.jar
2024-07-25 17:51:53,745 [Worker-25: Launching mavenrun-9ced63e8-3822-4c94-b2d8-6169dc089ebd] INFO  o.eclipse.m2e.core.internal.Bundles - 	Entry: C:\Users\Hp\.p2\pool\plugins\org.eclipse.m2e.maven.runtime_3.9.600.20231203-1234\jars\maven-model-3.9.6.jar
2024-07-25 17:51:53,745 [Worker-25: Launching mavenrun-9ced63e8-3822-4c94-b2d8-6169dc089ebd] INFO  o.eclipse.m2e.core.internal.Bundles - 	Entry: C:\Users\Hp\.p2\pool\plugins\org.eclipse.m2e.maven.runtime_3.9.600.20231203-1234\jars\maven-model-builder-3.9.6.jar
2024-07-25 17:51:53,746 [Worker-25: Launching mavenrun-9ced63e8-3822-4c94-b2d8-6169dc089ebd] INFO  o.eclipse.m2e.core.internal.Bundles - 	Entry: C:\Users\Hp\.p2\pool\plugins\org.eclipse.m2e.maven.runtime_3.9.600.20231203-1234\jars\maven-plugin-api-3.9.6.jar
2024-07-25 17:51:53,746 [Worker-25: Launching mavenrun-9ced63e8-3822-4c94-b2d8-6169dc089ebd] INFO  o.eclipse.m2e.core.internal.Bundles - 	Entry: C:\Users\Hp\.p2\pool\plugins\org.eclipse.m2e.maven.runtime_3.9.600.20231203-1234\jars\maven-repository-metadata-3.9.6.jar
2024-07-25 17:51:53,747 [Worker-25: Launching mavenrun-9ced63e8-3822-4c94-b2d8-6169dc089ebd] INFO  o.eclipse.m2e.core.internal.Bundles - 	Entry: C:\Users\Hp\.p2\pool\plugins\org.eclipse.m2e.maven.runtime_3.9.600.20231203-1234\jars\maven-resolver-api-1.9.18.jar
2024-07-25 17:51:53,747 [Worker-25: Launching mavenrun-9ced63e8-3822-4c94-b2d8-6169dc089ebd] INFO  o.eclipse.m2e.core.internal.Bundles - 	Entry: C:\Users\Hp\.p2\pool\plugins\org.eclipse.m2e.maven.runtime_3.9.600.20231203-1234\jars\maven-resolver-connector-basic-1.9.18.jar
2024-07-25 17:51:53,747 [Worker-25: Launching mavenrun-9ced63e8-3822-4c94-b2d8-6169dc089ebd] INFO  o.eclipse.m2e.core.internal.Bundles - 	Entry: C:\Users\Hp\.p2\pool\plugins\org.eclipse.m2e.maven.runtime_3.9.600.20231203-1234\jars\maven-resolver-impl-1.9.18.jar
2024-07-25 17:51:53,748 [Worker-25: Launching mavenrun-9ced63e8-3822-4c94-b2d8-6169dc089ebd] INFO  o.eclipse.m2e.core.internal.Bundles - 	Entry: C:\Users\Hp\.p2\pool\plugins\org.eclipse.m2e.maven.runtime_3.9.600.20231203-1234\jars\maven-resolver-named-locks-1.9.18.jar
2024-07-25 17:51:53,748 [Worker-25: Launching mavenrun-9ced63e8-3822-4c94-b2d8-6169dc089ebd] INFO  o.eclipse.m2e.core.internal.Bundles - 	Entry: C:\Users\Hp\.p2\pool\plugins\org.eclipse.m2e.maven.runtime_3.9.600.20231203-1234\jars\maven-resolver-provider-3.9.6.jar
2024-07-25 17:51:53,749 [Worker-25: Launching mavenrun-9ced63e8-3822-4c94-b2d8-6169dc089ebd] INFO  o.eclipse.m2e.core.internal.Bundles - 	Entry: C:\Users\Hp\.p2\pool\plugins\org.eclipse.m2e.maven.runtime_3.9.600.20231203-1234\jars\maven-resolver-spi-1.9.18.jar
2024-07-25 17:51:53,750 [Worker-25: Launching mavenrun-9ced63e8-3822-4c94-b2d8-6169dc089ebd] INFO  o.eclipse.m2e.core.internal.Bundles - 	Entry: C:\Users\Hp\.p2\pool\plugins\org.eclipse.m2e.maven.runtime_3.9.600.20231203-1234\jars\maven-resolver-transport-file-1.9.18.jar
2024-07-25 17:51:53,750 [Worker-25: Launching mavenrun-9ced63e8-3822-4c94-b2d8-6169dc089ebd] INFO  o.eclipse.m2e.core.internal.Bundles - 	Entry: C:\Users\Hp\.p2\pool\plugins\org.eclipse.m2e.maven.runtime_3.9.600.20231203-1234\jars\maven-resolver-transport-http-1.9.18.jar
2024-07-25 17:51:53,751 [Worker-25: Launching mavenrun-9ced63e8-3822-4c94-b2d8-6169dc089ebd] INFO  o.eclipse.m2e.core.internal.Bundles - 	Entry: C:\Users\Hp\.p2\pool\plugins\org.eclipse.m2e.maven.runtime_3.9.600.20231203-1234\jars\maven-resolver-transport-wagon-1.9.18.jar
2024-07-25 17:51:53,751 [Worker-25: Launching mavenrun-9ced63e8-3822-4c94-b2d8-6169dc089ebd] INFO  o.eclipse.m2e.core.internal.Bundles - 	Entry: C:\Users\Hp\.p2\pool\plugins\org.eclipse.m2e.maven.runtime_3.9.600.20231203-1234\jars\maven-resolver-util-1.9.18.jar
2024-07-25 17:51:53,752 [Worker-25: Launching mavenrun-9ced63e8-3822-4c94-b2d8-6169dc089ebd] INFO  o.eclipse.m2e.core.internal.Bundles - 	Entry: C:\Users\Hp\.p2\pool\plugins\org.eclipse.m2e.maven.runtime_3.9.600.20231203-1234\jars\maven-settings-3.9.6.jar
2024-07-25 17:51:53,752 [Worker-25: Launching mavenrun-9ced63e8-3822-4c94-b2d8-6169dc089ebd] INFO  o.eclipse.m2e.core.internal.Bundles - 	Entry: C:\Users\Hp\.p2\pool\plugins\org.eclipse.m2e.maven.runtime_3.9.600.20231203-1234\jars\maven-settings-builder-3.9.6.jar
2024-07-25 17:51:53,753 [Worker-25: Launching mavenrun-9ced63e8-3822-4c94-b2d8-6169dc089ebd] INFO  o.eclipse.m2e.core.internal.Bundles - 	Entry: C:\Users\Hp\.p2\pool\plugins\org.eclipse.m2e.maven.runtime_3.9.600.20231203-1234\jars\maven-shared-utils-3.3.4.jar
2024-07-25 17:51:53,753 [Worker-25: Launching mavenrun-9ced63e8-3822-4c94-b2d8-6169dc089ebd] INFO  o.eclipse.m2e.core.internal.Bundles - 	Entry: C:\Users\Hp\.p2\pool\plugins\org.eclipse.m2e.maven.runtime_3.9.600.20231203-1234\jars\org.eclipse.sisu.inject-0.9.0.M2.jar
2024-07-25 17:51:53,753 [Worker-25: Launching mavenrun-9ced63e8-3822-4c94-b2d8-6169dc089ebd] INFO  o.eclipse.m2e.core.internal.Bundles - 	Entry: C:\Users\Hp\.p2\pool\plugins\org.eclipse.m2e.maven.runtime_3.9.600.20231203-1234\jars\org.eclipse.sisu.plexus-0.9.0.M2.jar
2024-07-25 17:51:53,754 [Worker-25: Launching mavenrun-9ced63e8-3822-4c94-b2d8-6169dc089ebd] INFO  o.eclipse.m2e.core.internal.Bundles - 	Entry: C:\Users\Hp\.p2\pool\plugins\org.eclipse.m2e.maven.runtime_3.9.600.20231203-1234\jars\plexus-build-api-0.0.7.jar
2024-07-25 17:51:53,754 [Worker-25: Launching mavenrun-9ced63e8-3822-4c94-b2d8-6169dc089ebd] INFO  o.eclipse.m2e.core.internal.Bundles - 	Entry: C:\Users\Hp\.p2\pool\plugins\org.eclipse.m2e.maven.runtime_3.9.600.20231203-1234\jars\plexus-cipher-2.0.jar
2024-07-25 17:51:53,756 [Worker-25: Launching mavenrun-9ced63e8-3822-4c94-b2d8-6169dc089ebd] INFO  o.eclipse.m2e.core.internal.Bundles - 	Entry: C:\Users\Hp\.p2\pool\plugins\org.eclipse.m2e.maven.runtime_3.9.600.20231203-1234\jars\plexus-classworlds-2.7.0.jar
2024-07-25 17:51:53,756 [Worker-25: Launching mavenrun-9ced63e8-3822-4c94-b2d8-6169dc089ebd] INFO  o.eclipse.m2e.core.internal.Bundles - 	Entry: C:\Users\Hp\.p2\pool\plugins\org.eclipse.m2e.maven.runtime_3.9.600.20231203-1234\jars\plexus-component-annotations-2.1.0.jar
2024-07-25 17:51:53,756 [Worker-25: Launching mavenrun-9ced63e8-3822-4c94-b2d8-6169dc089ebd] INFO  o.eclipse.m2e.core.internal.Bundles - 	Entry: C:\Users\Hp\.p2\pool\plugins\org.eclipse.m2e.maven.runtime_3.9.600.20231203-1234\jars\plexus-interpolation-1.26.jar
2024-07-25 17:51:53,756 [Worker-25: Launching mavenrun-9ced63e8-3822-4c94-b2d8-6169dc089ebd] INFO  o.eclipse.m2e.core.internal.Bundles - 	Entry: C:\Users\Hp\.p2\pool\plugins\org.eclipse.m2e.maven.runtime_3.9.600.20231203-1234\jars\plexus-sec-dispatcher-2.0.jar
2024-07-25 17:51:53,757 [Worker-25: Launching mavenrun-9ced63e8-3822-4c94-b2d8-6169dc089ebd] INFO  o.eclipse.m2e.core.internal.Bundles - 	Entry: C:\Users\Hp\.p2\pool\plugins\org.eclipse.m2e.maven.runtime_3.9.600.20231203-1234\jars\plexus-utils-3.5.1.jar
2024-07-25 17:51:53,758 [Worker-25: Launching mavenrun-9ced63e8-3822-4c94-b2d8-6169dc089ebd] INFO  o.eclipse.m2e.core.internal.Bundles - 	Entry: C:\Users\Hp\.p2\pool\plugins\org.eclipse.m2e.maven.runtime_3.9.600.20231203-1234\jars\wagon-file-3.5.3.jar
2024-07-25 17:51:53,758 [Worker-25: Launching mavenrun-9ced63e8-3822-4c94-b2d8-6169dc089ebd] INFO  o.eclipse.m2e.core.internal.Bundles - 	Entry: C:\Users\Hp\.p2\pool\plugins\org.eclipse.m2e.maven.runtime_3.9.600.20231203-1234\jars\wagon-http-3.5.3.jar
2024-07-25 17:51:53,759 [Worker-25: Launching mavenrun-9ced63e8-3822-4c94-b2d8-6169dc089ebd] INFO  o.eclipse.m2e.core.internal.Bundles - 	Entry: C:\Users\Hp\.p2\pool\plugins\org.eclipse.m2e.maven.runtime_3.9.600.20231203-1234\jars\wagon-http-shared-3.5.3.jar
2024-07-25 17:51:53,759 [Worker-25: Launching mavenrun-9ced63e8-3822-4c94-b2d8-6169dc089ebd] INFO  o.eclipse.m2e.core.internal.Bundles - 	Entry: C:\Users\Hp\.p2\pool\plugins\org.eclipse.m2e.maven.runtime_3.9.600.20231203-1234\jars\wagon-provider-api-3.5.3.jar
2024-07-25 17:51:53,763 [Worker-25: Launching mavenrun-9ced63e8-3822-4c94-b2d8-6169dc089ebd] INFO  o.eclipse.m2e.core.internal.Bundles - getClasspathEntries(Bundle=com.google.guava_33.0.0.jre [10])
2024-07-25 17:51:53,764 [Worker-25: Launching mavenrun-9ced63e8-3822-4c94-b2d8-6169dc089ebd] INFO  o.eclipse.m2e.core.internal.Bundles - 	Entry: C:\Users\Hp\.p2\pool\plugins\com.google.guava_33.0.0.jre.jar
2024-07-25 17:51:53,764 [Worker-25: Launching mavenrun-9ced63e8-3822-4c94-b2d8-6169dc089ebd] INFO  o.eclipse.m2e.core.internal.Bundles - getClasspathEntries(Bundle=slf4j.api_2.0.13 [520])
2024-07-25 17:51:53,765 [Worker-25: Launching mavenrun-9ced63e8-3822-4c94-b2d8-6169dc089ebd] INFO  o.eclipse.m2e.core.internal.Bundles - 	Entry: C:\Users\Hp\.p2\pool\plugins\slf4j.api_2.0.13.jar
2024-07-25 17:51:53,765 [Worker-25: Launching mavenrun-9ced63e8-3822-4c94-b2d8-6169dc089ebd] INFO  o.eclipse.m2e.core.internal.Bundles - getClasspathEntries(Bundle=jakarta.inject.jakarta.inject-api_1.0.5 [22])
2024-07-25 17:51:53,766 [Worker-25: Launching mavenrun-9ced63e8-3822-4c94-b2d8-6169dc089ebd] INFO  o.eclipse.m2e.core.internal.Bundles - 	Entry: C:\Users\Hp\.p2\pool\plugins\jakarta.inject.jakarta.inject-api_1.0.5.jar
2024-07-25 17:51:53,766 [Worker-25: Launching mavenrun-9ced63e8-3822-4c94-b2d8-6169dc089ebd] INFO  o.eclipse.m2e.core.internal.Bundles - getClasspathEntries(Bundle=jakarta.annotation-api_1.3.5 [20])
2024-07-25 17:51:53,768 [Worker-25: Launching mavenrun-9ced63e8-3822-4c94-b2d8-6169dc089ebd] INFO  o.eclipse.m2e.core.internal.Bundles - 	Entry: C:\Users\Hp\.p2\pool\plugins\jakarta.annotation-api_1.3.5.jar
2024-07-25 17:51:53,768 [Worker-25: Launching mavenrun-9ced63e8-3822-4c94-b2d8-6169dc089ebd] INFO  o.eclipse.m2e.core.internal.Bundles - getClasspathEntries(Bundle=org.apache.commons.cli_1.6.0 [46])
2024-07-25 17:51:53,769 [Worker-25: Launching mavenrun-9ced63e8-3822-4c94-b2d8-6169dc089ebd] INFO  o.eclipse.m2e.core.internal.Bundles - 	Entry: C:\Users\Hp\.p2\pool\plugins\org.apache.commons.cli_1.6.0.jar
2024-07-25 17:51:53,769 [Worker-25: Launching mavenrun-9ced63e8-3822-4c94-b2d8-6169dc089ebd] INFO  o.eclipse.m2e.core.internal.Bundles - getClasspathEntries(Bundle=org.apache.commons.commons-codec_1.16.0 [47])
2024-07-25 17:51:53,770 [Worker-25: Launching mavenrun-9ced63e8-3822-4c94-b2d8-6169dc089ebd] INFO  o.eclipse.m2e.core.internal.Bundles - 	Entry: C:\Users\Hp\.p2\pool\plugins\org.apache.commons.commons-codec_1.16.0.jar
2024-07-25 17:51:53,771 [Worker-25: Launching mavenrun-9ced63e8-3822-4c94-b2d8-6169dc089ebd] INFO  o.eclipse.m2e.core.internal.Bundles - getClasspathEntries(Bundle=org.apache.commons.lang3_3.14.0 [53])
2024-07-25 17:51:53,772 [Worker-25: Launching mavenrun-9ced63e8-3822-4c94-b2d8-6169dc089ebd] INFO  o.eclipse.m2e.core.internal.Bundles - 	Entry: C:\Users\Hp\.p2\pool\plugins\org.apache.commons.lang3_3.14.0.jar
2024-07-25 17:51:53,772 [Worker-25: Launching mavenrun-9ced63e8-3822-4c94-b2d8-6169dc089ebd] INFO  o.eclipse.m2e.core.internal.Bundles - getClasspathEntries(Bundle=com.google.guava.failureaccess_1.0.2 [11])
2024-07-25 17:51:53,773 [Worker-25: Launching mavenrun-9ced63e8-3822-4c94-b2d8-6169dc089ebd] INFO  o.eclipse.m2e.core.internal.Bundles - 	Entry: C:\Users\Hp\.p2\pool\plugins\com.google.guava.failureaccess_1.0.2.jar
2024-07-25 17:51:53,780 [Worker-25: Launching mavenrun-9ced63e8-3822-4c94-b2d8-6169dc089ebd] INFO  o.e.m.i.launch.MavenLaunchDelegate - Run build in "C:\Users\Hp\AppData\Local\Temp\m2e-archetypeGenerator8351253455225520858":
2024-07-25 17:51:53,782 [Worker-25: Launching mavenrun-9ced63e8-3822-4c94-b2d8-6169dc089ebd] INFO  o.e.m.i.launch.MavenLaunchDelegate -  mvn  -DarchetypeGroupId=org.apache.maven.archetypes -DarchetypeArtifactId=maven-archetype-quickstart -DarchetypeVersion=1.1 -DgroupId=com.anudeep -DartifactId=JUniteTest -Dversion=0.0.1-SNAPSHOT -Dpackage=com.anudeep.JUniteTest -DoutputDirectory=F:\basicJava -Dstyle.color=always -U archetype:generate
2024-07-25 17:54:26,633 [Worker-28: Creating maven-archetype-quickstart] INFO  o.e.m.c.i.p.ProjectConfigurationManager - Collecting project info '/pom.xml' F:\basicJava\JUniteTest\pom.xml
2024-07-25 17:54:27,907 [Worker-28: Creating maven-archetype-quickstart] INFO  o.e.m.c.i.e.AbstractTransferListenerAdapter - Downloading https://repo.maven.apache.org/maven2/org/apache/maven/plugins/maven-resources-plugin/3.3.1/maven-resources-plugin-3.3.1.jar
2024-07-25 17:54:28,671 [Worker-28: Creating maven-archetype-quickstart] INFO  o.e.m.c.i.e.AbstractTransferListenerAdapter - Downloaded https://repo.maven.apache.org/maven2/org/apache/maven/plugins/maven-resources-plugin/3.3.1/maven-resources-plugin-3.3.1.jar
2024-07-25 17:54:29,100 [Worker-28: Creating maven-archetype-quickstart] INFO  o.e.m.c.i.e.AbstractTransferListenerAdapter - Downloading https://repo.maven.apache.org/maven2/org/apache/maven/plugins/maven-compiler-plugin/3.11.0/maven-compiler-plugin-3.11.0.jar
2024-07-25 17:54:29,273 [Worker-28: Creating maven-archetype-quickstart] INFO  o.e.m.c.i.e.AbstractTransferListenerAdapter - Downloaded https://repo.maven.apache.org/maven2/org/apache/maven/plugins/maven-compiler-plugin/3.11.0/maven-compiler-plugin-3.11.0.jar
2024-07-25 17:54:29,362 [Worker-28: Creating maven-archetype-quickstart] INFO  o.e.m.c.i.e.AbstractTransferListenerAdapter - Downloading https://repo.maven.apache.org/maven2/org/apache/maven/plugins/maven-surefire-plugin/3.2.2/maven-surefire-plugin-3.2.2.jar
2024-07-25 17:54:29,967 [Worker-28: Creating maven-archetype-quickstart] INFO  o.e.m.c.i.e.AbstractTransferListenerAdapter - Downloaded https://repo.maven.apache.org/maven2/org/apache/maven/plugins/maven-surefire-plugin/3.2.2/maven-surefire-plugin-3.2.2.jar
2024-07-25 17:54:30,250 [Worker-28: Creating maven-archetype-quickstart] INFO  o.e.m.c.i.e.AbstractTransferListenerAdapter - Downloading https://repo.maven.apache.org/maven2/org/apache/maven/plugins/maven-jar-plugin/3.3.0/maven-jar-plugin-3.3.0.jar
2024-07-25 17:54:30,787 [Worker-28: Creating maven-archetype-quickstart] INFO  o.e.m.c.i.e.AbstractTransferListenerAdapter - Downloaded https://repo.maven.apache.org/maven2/org/apache/maven/plugins/maven-jar-plugin/3.3.0/maven-jar-plugin-3.3.0.jar
2024-07-25 17:54:31,739 [Worker-28: Creating maven-archetype-quickstart] INFO  o.e.m.c.i.e.AbstractTransferListenerAdapter - Downloading https://repo.maven.apache.org/maven2/org/apache/maven/plugins/maven-compiler-plugin/3.11.0/maven-compiler-plugin-3.11.0.pom
2024-07-25 17:54:31,796 [Worker-28: Creating maven-archetype-quickstart] INFO  o.e.m.c.i.e.AbstractTransferListenerAdapter - Downloaded https://repo.maven.apache.org/maven2/org/apache/maven/plugins/maven-compiler-plugin/3.11.0/maven-compiler-plugin-3.11.0.pom
2024-07-25 17:54:32,938 [Worker-28: Creating maven-archetype-quickstart] INFO  o.e.m.c.i.e.AbstractTransferListenerAdapter - Downloading https://repo.maven.apache.org/maven2/org/codehaus/plexus/plexus-java/1.1.2/plexus-java-1.1.2.pom
2024-07-25 17:54:32,987 [Worker-28: Creating maven-archetype-quickstart] INFO  o.e.m.c.i.e.AbstractTransferListenerAdapter - Downloaded https://repo.maven.apache.org/maven2/org/codehaus/plexus/plexus-java/1.1.2/plexus-java-1.1.2.pom
2024-07-25 17:54:33,056 [Worker-28: Creating maven-archetype-quickstart] INFO  o.e.m.c.i.e.AbstractTransferListenerAdapter - Downloading https://repo.maven.apache.org/maven2/org/codehaus/plexus/plexus-languages/1.1.2/plexus-languages-1.1.2.pom
2024-07-25 17:54:33,154 [Worker-28: Creating maven-archetype-quickstart] INFO  o.e.m.c.i.e.AbstractTransferListenerAdapter - Downloaded https://repo.maven.apache.org/maven2/org/codehaus/plexus/plexus-languages/1.1.2/plexus-languages-1.1.2.pom
2024-07-25 17:54:33,449 [Worker-28: Creating maven-archetype-quickstart] INFO  o.e.m.c.i.e.AbstractTransferListenerAdapter - Downloading https://repo.maven.apache.org/maven2/org/codehaus/plexus/plexus/10/plexus-10.pom
2024-07-25 17:54:33,583 [Worker-28: Creating maven-archetype-quickstart] INFO  o.e.m.c.i.e.AbstractTransferListenerAdapter - Downloaded https://repo.maven.apache.org/maven2/org/codehaus/plexus/plexus/10/plexus-10.pom
2024-07-25 17:54:33,663 [Worker-28: Creating maven-archetype-quickstart] INFO  o.e.m.c.i.e.AbstractTransferListenerAdapter - Downloading https://repo.maven.apache.org/maven2/org/ow2/asm/asm/9.4/asm-9.4.pom
2024-07-25 17:54:33,712 [Worker-28: Creating maven-archetype-quickstart] INFO  o.e.m.c.i.e.AbstractTransferListenerAdapter - Downloaded https://repo.maven.apache.org/maven2/org/ow2/asm/asm/9.4/asm-9.4.pom
2024-07-25 17:54:33,756 [Worker-28: Creating maven-archetype-quickstart] INFO  o.e.m.c.i.e.AbstractTransferListenerAdapter - Downloading https://repo.maven.apache.org/maven2/org/ow2/ow2/1.5.1/ow2-1.5.1.pom
2024-07-25 17:54:33,819 [Worker-28: Creating maven-archetype-quickstart] INFO  o.e.m.c.i.e.AbstractTransferListenerAdapter - Downloaded https://repo.maven.apache.org/maven2/org/ow2/ow2/1.5.1/ow2-1.5.1.pom
2024-07-25 17:54:33,919 [Worker-28: Creating maven-archetype-quickstart] INFO  o.e.m.c.i.e.AbstractTransferListenerAdapter - Downloading https://repo.maven.apache.org/maven2/com/thoughtworks/qdox/qdox/2.0.3/qdox-2.0.3.pom
2024-07-25 17:54:34,057 [Worker-28: Creating maven-archetype-quickstart] INFO  o.e.m.c.i.e.AbstractTransferListenerAdapter - Downloaded https://repo.maven.apache.org/maven2/com/thoughtworks/qdox/qdox/2.0.3/qdox-2.0.3.pom
2024-07-25 17:54:34,180 [Worker-28: Creating maven-archetype-quickstart] INFO  o.e.m.c.i.e.AbstractTransferListenerAdapter - Downloading https://repo.maven.apache.org/maven2/org/codehaus/plexus/plexus-compiler-api/2.13.0/plexus-compiler-api-2.13.0.pom
2024-07-25 17:54:34,231 [Worker-28: Creating maven-archetype-quickstart] INFO  o.e.m.c.i.e.AbstractTransferListenerAdapter - Downloaded https://repo.maven.apache.org/maven2/org/codehaus/plexus/plexus-compiler-api/2.13.0/plexus-compiler-api-2.13.0.pom
2024-07-25 17:54:34,289 [Worker-28: Creating maven-archetype-quickstart] INFO  o.e.m.c.i.e.AbstractTransferListenerAdapter - Downloading https://repo.maven.apache.org/maven2/org/codehaus/plexus/plexus-compiler/2.13.0/plexus-compiler-2.13.0.pom
2024-07-25 17:54:34,382 [Worker-28: Creating maven-archetype-quickstart] INFO  o.e.m.c.i.e.AbstractTransferListenerAdapter - Downloaded https://repo.maven.apache.org/maven2/org/codehaus/plexus/plexus-compiler/2.13.0/plexus-compiler-2.13.0.pom
2024-07-25 17:54:34,466 [Worker-28: Creating maven-archetype-quickstart] INFO  o.e.m.c.i.e.AbstractTransferListenerAdapter - Downloading https://repo.maven.apache.org/maven2/org/codehaus/plexus/plexus-components/10.0/plexus-components-10.0.pom
2024-07-25 17:54:34,517 [Worker-28: Creating maven-archetype-quickstart] INFO  o.e.m.c.i.e.AbstractTransferListenerAdapter - Downloaded https://repo.maven.apache.org/maven2/org/codehaus/plexus/plexus-components/10.0/plexus-components-10.0.pom
2024-07-25 17:54:34,763 [Worker-28: Creating maven-archetype-quickstart] INFO  o.e.m.c.i.e.AbstractTransferListenerAdapter - Downloading https://repo.maven.apache.org/maven2/org/codehaus/plexus/plexus-utils/3.5.0/plexus-utils-3.5.0.pom
2024-07-25 17:54:34,887 [Worker-28: Creating maven-archetype-quickstart] INFO  o.e.m.c.i.e.AbstractTransferListenerAdapter - Downloaded https://repo.maven.apache.org/maven2/org/codehaus/plexus/plexus-utils/3.5.0/plexus-utils-3.5.0.pom
2024-07-25 17:54:34,953 [Worker-28: Creating maven-archetype-quickstart] INFO  o.e.m.c.i.e.AbstractTransferListenerAdapter - Downloading https://repo.maven.apache.org/maven2/org/codehaus/plexus/plexus-compiler-manager/2.13.0/plexus-compiler-manager-2.13.0.pom
2024-07-25 17:54:35,015 [Worker-28: Creating maven-archetype-quickstart] INFO  o.e.m.c.i.e.AbstractTransferListenerAdapter - Downloaded https://repo.maven.apache.org/maven2/org/codehaus/plexus/plexus-compiler-manager/2.13.0/plexus-compiler-manager-2.13.0.pom
2024-07-25 17:54:35,067 [Worker-28: Creating maven-archetype-quickstart] INFO  o.e.m.c.i.e.AbstractTransferListenerAdapter - Downloading https://repo.maven.apache.org/maven2/org/codehaus/plexus/plexus-component-annotations/2.1.1/plexus-component-annotations-2.1.1.pom
2024-07-25 17:54:35,124 [Worker-28: Creating maven-archetype-quickstart] INFO  o.e.m.c.i.e.AbstractTransferListenerAdapter - Downloaded https://repo.maven.apache.org/maven2/org/codehaus/plexus/plexus-component-annotations/2.1.1/plexus-component-annotations-2.1.1.pom
2024-07-25 17:54:35,188 [Worker-28: Creating maven-archetype-quickstart] INFO  o.e.m.c.i.e.AbstractTransferListenerAdapter - Downloading https://repo.maven.apache.org/maven2/org/codehaus/plexus/plexus-containers/2.1.1/plexus-containers-2.1.1.pom
2024-07-25 17:54:35,388 [Worker-28: Creating maven-archetype-quickstart] INFO  o.e.m.c.i.e.AbstractTransferListenerAdapter - Downloaded https://repo.maven.apache.org/maven2/org/codehaus/plexus/plexus-containers/2.1.1/plexus-containers-2.1.1.pom
2024-07-25 17:54:35,516 [Worker-28: Creating maven-archetype-quickstart] INFO  o.e.m.c.i.e.AbstractTransferListenerAdapter - Downloading https://repo.maven.apache.org/maven2/org/codehaus/plexus/plexus-compiler-javac/2.13.0/plexus-compiler-javac-2.13.0.pom
2024-07-25 17:54:35,572 [Worker-28: Creating maven-archetype-quickstart] INFO  o.e.m.c.i.e.AbstractTransferListenerAdapter - Downloaded https://repo.maven.apache.org/maven2/org/codehaus/plexus/plexus-compiler-javac/2.13.0/plexus-compiler-javac-2.13.0.pom
2024-07-25 17:54:35,646 [Worker-28: Creating maven-archetype-quickstart] INFO  o.e.m.c.i.e.AbstractTransferListenerAdapter - Downloading https://repo.maven.apache.org/maven2/org/codehaus/plexus/plexus-compilers/2.13.0/plexus-compilers-2.13.0.pom
2024-07-25 17:54:35,702 [Worker-28: Creating maven-archetype-quickstart] INFO  o.e.m.c.i.e.AbstractTransferListenerAdapter - Downloaded https://repo.maven.apache.org/maven2/org/codehaus/plexus/plexus-compilers/2.13.0/plexus-compilers-2.13.0.pom
2024-07-25 17:54:35,817 [Worker-28: Creating maven-archetype-quickstart] INFO  o.e.m.c.i.e.AbstractTransferListenerAdapter - Downloading https://repo.maven.apache.org/maven2/org/codehaus/plexus/plexus-component-annotations/1.5.5/plexus-component-annotations-1.5.5.jar
2024-07-25 17:54:35,996 [Worker-28: Creating maven-archetype-quickstart] INFO  o.e.m.c.i.e.AbstractTransferListenerAdapter - Downloaded https://repo.maven.apache.org/maven2/org/codehaus/plexus/plexus-component-annotations/1.5.5/plexus-component-annotations-1.5.5.jar
2024-07-25 17:54:36,034 [BasicRepositoryConnector-repo.maven.apache.org-0-2] INFO  o.e.m.c.i.e.AbstractTransferListenerAdapter - Downloading https://repo.maven.apache.org/maven2/com/thoughtworks/qdox/qdox/2.0.3/qdox-2.0.3.jar
2024-07-25 17:54:36,123 [BasicRepositoryConnector-repo.maven.apache.org-0-0] INFO  o.e.m.c.i.e.AbstractTransferListenerAdapter - Downloading https://repo.maven.apache.org/maven2/org/codehaus/plexus/plexus-java/1.1.2/plexus-java-1.1.2.jar
2024-07-25 17:54:36,124 [BasicRepositoryConnector-repo.maven.apache.org-0-1] INFO  o.e.m.c.i.e.AbstractTransferListenerAdapter - Downloading https://repo.maven.apache.org/maven2/org/ow2/asm/asm/9.4/asm-9.4.jar
2024-07-25 17:54:36,125 [BasicRepositoryConnector-repo.maven.apache.org-0-3] INFO  o.e.m.c.i.e.AbstractTransferListenerAdapter - Downloading https://repo.maven.apache.org/maven2/org/codehaus/plexus/plexus-compiler-api/2.13.0/plexus-compiler-api-2.13.0.jar
2024-07-25 17:54:36,141 [BasicRepositoryConnector-repo.maven.apache.org-0-4] INFO  o.e.m.c.i.e.AbstractTransferListenerAdapter - Downloading https://repo.maven.apache.org/maven2/org/codehaus/plexus/plexus-utils/3.5.0/plexus-utils-3.5.0.jar
2024-07-25 17:54:36,318 [BasicRepositoryConnector-repo.maven.apache.org-0-0] INFO  o.e.m.c.i.e.AbstractTransferListenerAdapter - Downloaded https://repo.maven.apache.org/maven2/org/codehaus/plexus/plexus-java/1.1.2/plexus-java-1.1.2.jar
2024-07-25 17:54:36,366 [BasicRepositoryConnector-repo.maven.apache.org-0-0] INFO  o.e.m.c.i.e.AbstractTransferListenerAdapter - Downloading https://repo.maven.apache.org/maven2/org/codehaus/plexus/plexus-compiler-manager/2.13.0/plexus-compiler-manager-2.13.0.jar
2024-07-25 17:54:36,481 [BasicRepositoryConnector-repo.maven.apache.org-0-1] INFO  o.e.m.c.i.e.AbstractTransferListenerAdapter - Downloaded https://repo.maven.apache.org/maven2/org/ow2/asm/asm/9.4/asm-9.4.jar
2024-07-25 17:54:36,523 [BasicRepositoryConnector-repo.maven.apache.org-0-1] INFO  o.e.m.c.i.e.AbstractTransferListenerAdapter - Downloading https://repo.maven.apache.org/maven2/org/codehaus/plexus/plexus-compiler-javac/2.13.0/plexus-compiler-javac-2.13.0.jar
2024-07-25 17:54:36,721 [BasicRepositoryConnector-repo.maven.apache.org-0-4] INFO  o.e.m.c.i.e.AbstractTransferListenerAdapter - Downloaded https://repo.maven.apache.org/maven2/org/codehaus/plexus/plexus-utils/3.5.0/plexus-utils-3.5.0.jar
2024-07-25 17:54:36,723 [BasicRepositoryConnector-repo.maven.apache.org-0-2] INFO  o.e.m.c.i.e.AbstractTransferListenerAdapter - Downloaded https://repo.maven.apache.org/maven2/com/thoughtworks/qdox/qdox/2.0.3/qdox-2.0.3.jar
2024-07-25 17:54:36,830 [BasicRepositoryConnector-repo.maven.apache.org-0-0] INFO  o.e.m.c.i.e.AbstractTransferListenerAdapter - Downloaded https://repo.maven.apache.org/maven2/org/codehaus/plexus/plexus-compiler-manager/2.13.0/plexus-compiler-manager-2.13.0.jar
2024-07-25 17:54:37,155 [BasicRepositoryConnector-repo.maven.apache.org-0-1] INFO  o.e.m.c.i.e.AbstractTransferListenerAdapter - Downloaded https://repo.maven.apache.org/maven2/org/codehaus/plexus/plexus-compiler-javac/2.13.0/plexus-compiler-javac-2.13.0.jar
2024-07-25 17:54:37,156 [BasicRepositoryConnector-repo.maven.apache.org-0-3] INFO  o.e.m.c.i.e.AbstractTransferListenerAdapter - Downloaded https://repo.maven.apache.org/maven2/org/codehaus/plexus/plexus-compiler-api/2.13.0/plexus-compiler-api-2.13.0.jar
2024-07-25 17:54:37,983 [Worker-28: Creating maven-archetype-quickstart] INFO  o.e.m.c.i.l.LifecycleMappingFactory - Using org.eclipse.m2e.jdt.JarLifecycleMapping lifecycle mapping for MavenProject: com.anudeep:JUniteTest:0.0.1-SNAPSHOT @ F:\basicJava\JUniteTest\pom.xml.
2024-07-25 17:54:38,075 [Worker-28: Creating maven-archetype-quickstart] INFO  o.e.m.c.i.e.AbstractTransferListenerAdapter - Downloading https://repo.maven.apache.org/maven2/org/apache/maven/plugins/maven-resources-plugin/3.3.1/maven-resources-plugin-3.3.1.pom
2024-07-25 17:54:38,121 [Worker-28: Creating maven-archetype-quickstart] INFO  o.e.m.c.i.e.AbstractTransferListenerAdapter - Downloaded https://repo.maven.apache.org/maven2/org/apache/maven/plugins/maven-resources-plugin/3.3.1/maven-resources-plugin-3.3.1.pom
2024-07-25 17:54:38,211 [Worker-28: Creating maven-archetype-quickstart] INFO  o.e.m.c.i.e.AbstractTransferListenerAdapter - Downloading https://repo.maven.apache.org/maven2/org/apache/maven/plugins/maven-surefire-plugin/3.2.2/maven-surefire-plugin-3.2.2.pom
2024-07-25 17:54:38,266 [Worker-28: Creating maven-archetype-quickstart] INFO  o.e.m.c.i.e.AbstractTransferListenerAdapter - Downloaded https://repo.maven.apache.org/maven2/org/apache/maven/plugins/maven-surefire-plugin/3.2.2/maven-surefire-plugin-3.2.2.pom
2024-07-25 17:54:38,326 [Worker-28: Creating maven-archetype-quickstart] INFO  o.e.m.c.i.e.AbstractTransferListenerAdapter - Downloading https://repo.maven.apache.org/maven2/org/apache/maven/surefire/surefire/3.2.2/surefire-3.2.2.pom
2024-07-25 17:54:38,411 [Worker-28: Creating maven-archetype-quickstart] INFO  o.e.m.c.i.e.AbstractTransferListenerAdapter - Downloaded https://repo.maven.apache.org/maven2/org/apache/maven/surefire/surefire/3.2.2/surefire-3.2.2.pom
2024-07-25 17:54:38,583 [Worker-28: Creating maven-archetype-quickstart] INFO  o.e.m.c.i.e.AbstractTransferListenerAdapter - Downloading https://repo.maven.apache.org/maven2/org/junit/junit-bom/5.9.3/junit-bom-5.9.3.pom
2024-07-25 17:54:38,654 [Worker-28: Creating maven-archetype-quickstart] INFO  o.e.m.c.i.e.AbstractTransferListenerAdapter - Downloaded https://repo.maven.apache.org/maven2/org/junit/junit-bom/5.9.3/junit-bom-5.9.3.pom
2024-07-25 17:54:38,770 [Worker-28: Creating maven-archetype-quickstart] INFO  o.e.m.c.i.e.AbstractTransferListenerAdapter - Downloading https://repo.maven.apache.org/maven2/org/apache/maven/plugins/maven-jar-plugin/3.3.0/maven-jar-plugin-3.3.0.pom
2024-07-25 17:54:38,819 [Worker-28: Creating maven-archetype-quickstart] INFO  o.e.m.c.i.e.AbstractTransferListenerAdapter - Downloaded https://repo.maven.apache.org/maven2/org/apache/maven/plugins/maven-jar-plugin/3.3.0/maven-jar-plugin-3.3.0.pom
2024-07-25 17:54:38,865 [Worker-28: Creating maven-archetype-quickstart] INFO  o.e.m.c.i.e.AbstractTransferListenerAdapter - Downloading https://repo.maven.apache.org/maven2/org/apache/maven/plugins/maven-plugins/37/maven-plugins-37.pom
2024-07-25 17:54:38,919 [Worker-28: Creating maven-archetype-quickstart] INFO  o.e.m.c.i.e.AbstractTransferListenerAdapter - Downloaded https://repo.maven.apache.org/maven2/org/apache/maven/plugins/maven-plugins/37/maven-plugins-37.pom
2024-07-25 17:54:38,994 [Worker-28: Creating maven-archetype-quickstart] INFO  o.e.m.c.i.e.AbstractTransferListenerAdapter - Downloading https://repo.maven.apache.org/maven2/org/apache/maven/maven-parent/37/maven-parent-37.pom
2024-07-25 17:54:39,081 [Worker-28: Creating maven-archetype-quickstart] INFO  o.e.m.c.i.e.AbstractTransferListenerAdapter - Downloaded https://repo.maven.apache.org/maven2/org/apache/maven/maven-parent/37/maven-parent-37.pom
2024-07-25 17:54:39,144 [Worker-28: Creating maven-archetype-quickstart] INFO  o.e.m.c.i.e.AbstractTransferListenerAdapter - Downloading https://repo.maven.apache.org/maven2/org/apache/apache/27/apache-27.pom
2024-07-25 17:54:39,211 [Worker-28: Creating maven-archetype-quickstart] INFO  o.e.m.c.i.e.AbstractTransferListenerAdapter - Downloaded https://repo.maven.apache.org/maven2/org/apache/apache/27/apache-27.pom
2024-07-25 17:54:39,308 [Worker-28: Creating maven-archetype-quickstart] INFO  o.e.m.c.i.e.AbstractTransferListenerAdapter - Downloading https://repo.maven.apache.org/maven2/org/apache/maven/shared/file-management/3.1.0/file-management-3.1.0.pom
2024-07-25 17:54:39,344 [Worker-28: Creating maven-archetype-quickstart] INFO  o.e.m.c.i.e.AbstractTransferListenerAdapter - Downloaded https://repo.maven.apache.org/maven2/org/apache/maven/shared/file-management/3.1.0/file-management-3.1.0.pom
2024-07-25 17:54:39,383 [Worker-28: Creating maven-archetype-quickstart] INFO  o.e.m.c.i.e.AbstractTransferListenerAdapter - Downloading https://repo.maven.apache.org/maven2/org/apache/maven/shared/maven-shared-components/36/maven-shared-components-36.pom
2024-07-25 17:54:39,496 [Worker-28: Creating maven-archetype-quickstart] INFO  o.e.m.c.i.e.AbstractTransferListenerAdapter - Downloaded https://repo.maven.apache.org/maven2/org/apache/maven/shared/maven-shared-components/36/maven-shared-components-36.pom
2024-07-25 17:54:39,738 [Worker-28: Creating maven-archetype-quickstart] INFO  o.e.m.c.i.e.AbstractTransferListenerAdapter - Downloading https://repo.maven.apache.org/maven2/org/slf4j/slf4j-api/1.7.36/slf4j-api-1.7.36.pom
2024-07-25 17:54:39,845 [Worker-28: Creating maven-archetype-quickstart] INFO  o.e.m.c.i.e.AbstractTransferListenerAdapter - Downloaded https://repo.maven.apache.org/maven2/org/slf4j/slf4j-api/1.7.36/slf4j-api-1.7.36.pom
2024-07-25 17:54:39,913 [Worker-28: Creating maven-archetype-quickstart] INFO  o.e.m.c.i.e.AbstractTransferListenerAdapter - Downloading https://repo.maven.apache.org/maven2/org/slf4j/slf4j-parent/1.7.36/slf4j-parent-1.7.36.pom
2024-07-25 17:54:40,031 [Worker-28: Creating maven-archetype-quickstart] INFO  o.e.m.c.i.e.AbstractTransferListenerAdapter - Downloaded https://repo.maven.apache.org/maven2/org/slf4j/slf4j-parent/1.7.36/slf4j-parent-1.7.36.pom
2024-07-25 17:54:40,195 [Worker-28: Creating maven-archetype-quickstart] INFO  o.e.m.c.i.e.AbstractTransferListenerAdapter - Downloading https://repo.maven.apache.org/maven2/commons-io/commons-io/2.11.0/commons-io-2.11.0.pom
2024-07-25 17:54:40,282 [Worker-28: Creating maven-archetype-quickstart] INFO  o.e.m.c.i.e.AbstractTransferListenerAdapter - Downloaded https://repo.maven.apache.org/maven2/commons-io/commons-io/2.11.0/commons-io-2.11.0.pom
2024-07-25 17:54:40,359 [Worker-28: Creating maven-archetype-quickstart] INFO  o.e.m.c.i.e.AbstractTransferListenerAdapter - Downloading https://repo.maven.apache.org/maven2/org/apache/commons/commons-parent/52/commons-parent-52.pom
2024-07-25 17:54:40,543 [Worker-28: Creating maven-archetype-quickstart] INFO  o.e.m.c.i.e.AbstractTransferListenerAdapter - Downloaded https://repo.maven.apache.org/maven2/org/apache/commons/commons-parent/52/commons-parent-52.pom
2024-07-25 17:54:40,627 [Worker-28: Creating maven-archetype-quickstart] INFO  o.e.m.c.i.e.AbstractTransferListenerAdapter - Downloading https://repo.maven.apache.org/maven2/org/junit/junit-bom/5.7.2/junit-bom-5.7.2.pom
2024-07-25 17:54:40,721 [Worker-28: Creating maven-archetype-quickstart] INFO  o.e.m.c.i.e.AbstractTransferListenerAdapter - Downloaded https://repo.maven.apache.org/maven2/org/junit/junit-bom/5.7.2/junit-bom-5.7.2.pom
2024-07-25 17:54:40,786 [Worker-28: Creating maven-archetype-quickstart] INFO  o.e.m.c.i.e.AbstractTransferListenerAdapter - Downloading https://repo.maven.apache.org/maven2/org/apache/maven/maven-archiver/3.6.0/maven-archiver-3.6.0.pom
2024-07-25 17:54:40,829 [Worker-28: Creating maven-archetype-quickstart] INFO  o.e.m.c.i.e.AbstractTransferListenerAdapter - Downloaded https://repo.maven.apache.org/maven2/org/apache/maven/maven-archiver/3.6.0/maven-archiver-3.6.0.pom
2024-07-25 17:54:40,882 [Worker-28: Creating maven-archetype-quickstart] INFO  o.e.m.c.i.e.AbstractTransferListenerAdapter - Downloading https://repo.maven.apache.org/maven2/org/codehaus/plexus/plexus-io/3.4.0/plexus-io-3.4.0.pom
2024-07-25 17:54:40,979 [Worker-28: Creating maven-archetype-quickstart] INFO  o.e.m.c.i.e.AbstractTransferListenerAdapter - Downloaded https://repo.maven.apache.org/maven2/org/codehaus/plexus/plexus-io/3.4.0/plexus-io-3.4.0.pom
2024-07-25 17:54:41,092 [Worker-28: Creating maven-archetype-quickstart] INFO  o.e.m.c.i.e.AbstractTransferListenerAdapter - Downloading https://repo.maven.apache.org/maven2/org/codehaus/plexus/plexus-archiver/4.4.0/plexus-archiver-4.4.0.pom
2024-07-25 17:54:41,182 [Worker-28: Creating maven-archetype-quickstart] INFO  o.e.m.c.i.e.AbstractTransferListenerAdapter - Downloaded https://repo.maven.apache.org/maven2/org/codehaus/plexus/plexus-archiver/4.4.0/plexus-archiver-4.4.0.pom
2024-07-25 17:54:41,230 [Worker-28: Creating maven-archetype-quickstart] INFO  o.e.m.c.i.e.AbstractTransferListenerAdapter - Downloading https://repo.maven.apache.org/maven2/org/apache/commons/commons-compress/1.21/commons-compress-1.21.pom
2024-07-25 17:54:41,308 [Worker-28: Creating maven-archetype-quickstart] INFO  o.e.m.c.i.e.AbstractTransferListenerAdapter - Downloaded https://repo.maven.apache.org/maven2/org/apache/commons/commons-compress/1.21/commons-compress-1.21.pom
2024-07-25 17:54:41,418 [Worker-28: Creating maven-archetype-quickstart] INFO  o.e.m.c.i.e.AbstractTransferListenerAdapter - Downloading https://repo.maven.apache.org/maven2/org/tukaani/xz/1.9/xz-1.9.pom
2024-07-25 17:54:41,474 [Worker-28: Creating maven-archetype-quickstart] INFO  o.e.m.c.i.e.AbstractTransferListenerAdapter - Downloaded https://repo.maven.apache.org/maven2/org/tukaani/xz/1.9/xz-1.9.pom
2024-07-25 17:54:41,561 [Worker-28: Creating maven-archetype-quickstart] INFO  o.e.m.c.i.e.AbstractTransferListenerAdapter - Downloading https://repo.maven.apache.org/maven2/org/codehaus/plexus/plexus-utils/3.4.2/plexus-utils-3.4.2.pom
2024-07-25 17:54:41,606 [Worker-28: Creating maven-archetype-quickstart] INFO  o.e.m.c.i.e.AbstractTransferListenerAdapter - Downloaded https://repo.maven.apache.org/maven2/org/codehaus/plexus/plexus-utils/3.4.2/plexus-utils-3.4.2.pom
2024-07-25 17:54:41,736 [Worker-28: Creating maven-archetype-quickstart] INFO  o.e.m.c.i.e.AbstractTransferListenerAdapter - Downloading https://repo.maven.apache.org/maven2/org/apache/maven/shared/file-management/3.1.0/file-management-3.1.0.jar
2024-07-25 17:54:42,828 [Worker-28: Creating maven-archetype-quickstart] INFO  o.e.m.c.i.e.AbstractTransferListenerAdapter - Downloaded https://repo.maven.apache.org/maven2/org/apache/maven/shared/file-management/3.1.0/file-management-3.1.0.jar
2024-07-25 17:54:42,874 [BasicRepositoryConnector-repo.maven.apache.org-1-0] INFO  o.e.m.c.i.e.AbstractTransferListenerAdapter - Downloading https://repo.maven.apache.org/maven2/org/slf4j/slf4j-api/1.7.36/slf4j-api-1.7.36.jar
2024-07-25 17:54:42,890 [BasicRepositoryConnector-repo.maven.apache.org-1-3] INFO  o.e.m.c.i.e.AbstractTransferListenerAdapter - Downloading https://repo.maven.apache.org/maven2/org/codehaus/plexus/plexus-io/3.4.0/plexus-io-3.4.0.jar
2024-07-25 17:54:42,892 [BasicRepositoryConnector-repo.maven.apache.org-1-2] INFO  o.e.m.c.i.e.AbstractTransferListenerAdapter - Downloading https://repo.maven.apache.org/maven2/org/apache/maven/maven-archiver/3.6.0/maven-archiver-3.6.0.jar
2024-07-25 17:54:42,896 [BasicRepositoryConnector-repo.maven.apache.org-1-4] INFO  o.e.m.c.i.e.AbstractTransferListenerAdapter - Downloading https://repo.maven.apache.org/maven2/org/codehaus/plexus/plexus-archiver/4.4.0/plexus-archiver-4.4.0.jar
2024-07-25 17:54:42,906 [BasicRepositoryConnector-repo.maven.apache.org-1-1] INFO  o.e.m.c.i.e.AbstractTransferListenerAdapter - Downloading https://repo.maven.apache.org/maven2/commons-io/commons-io/2.11.0/commons-io-2.11.0.jar
2024-07-25 17:54:43,389 [BasicRepositoryConnector-repo.maven.apache.org-1-4] INFO  o.e.m.c.i.e.AbstractTransferListenerAdapter - Downloaded https://repo.maven.apache.org/maven2/org/codehaus/plexus/plexus-archiver/4.4.0/plexus-archiver-4.4.0.jar
2024-07-25 17:54:43,424 [BasicRepositoryConnector-repo.maven.apache.org-1-4] INFO  o.e.m.c.i.e.AbstractTransferListenerAdapter - Downloading https://repo.maven.apache.org/maven2/org/apache/commons/commons-compress/1.21/commons-compress-1.21.jar
2024-07-25 17:54:43,456 [BasicRepositoryConnector-repo.maven.apache.org-1-3] INFO  o.e.m.c.i.e.AbstractTransferListenerAdapter - Downloaded https://repo.maven.apache.org/maven2/org/codehaus/plexus/plexus-io/3.4.0/plexus-io-3.4.0.jar
2024-07-25 17:54:43,516 [BasicRepositoryConnector-repo.maven.apache.org-1-3] INFO  o.e.m.c.i.e.AbstractTransferListenerAdapter - Downloading https://repo.maven.apache.org/maven2/org/tukaani/xz/1.9/xz-1.9.jar
2024-07-25 17:54:43,526 [BasicRepositoryConnector-repo.maven.apache.org-1-1] INFO  o.e.m.c.i.e.AbstractTransferListenerAdapter - Downloaded https://repo.maven.apache.org/maven2/commons-io/commons-io/2.11.0/commons-io-2.11.0.jar
2024-07-25 17:54:43,592 [BasicRepositoryConnector-repo.maven.apache.org-1-1] INFO  o.e.m.c.i.e.AbstractTransferListenerAdapter - Downloading https://repo.maven.apache.org/maven2/org/codehaus/plexus/plexus-utils/3.4.2/plexus-utils-3.4.2.jar
2024-07-25 17:54:43,786 [BasicRepositoryConnector-repo.maven.apache.org-1-2] INFO  o.e.m.c.i.e.AbstractTransferListenerAdapter - Downloaded https://repo.maven.apache.org/maven2/org/apache/maven/maven-archiver/3.6.0/maven-archiver-3.6.0.jar
2024-07-25 17:54:43,838 [BasicRepositoryConnector-repo.maven.apache.org-1-3] INFO  o.e.m.c.i.e.AbstractTransferListenerAdapter - Downloaded https://repo.maven.apache.org/maven2/org/tukaani/xz/1.9/xz-1.9.jar
2024-07-25 17:54:44,118 [BasicRepositoryConnector-repo.maven.apache.org-1-1] INFO  o.e.m.c.i.e.AbstractTransferListenerAdapter - Downloaded https://repo.maven.apache.org/maven2/org/codehaus/plexus/plexus-utils/3.4.2/plexus-utils-3.4.2.jar
2024-07-25 17:54:44,408 [BasicRepositoryConnector-repo.maven.apache.org-1-4] INFO  o.e.m.c.i.e.AbstractTransferListenerAdapter - Downloaded https://repo.maven.apache.org/maven2/org/apache/commons/commons-compress/1.21/commons-compress-1.21.jar
2024-07-25 17:54:44,672 [BasicRepositoryConnector-repo.maven.apache.org-1-0] INFO  o.e.m.c.i.e.AbstractTransferListenerAdapter - Downloaded https://repo.maven.apache.org/maven2/org/slf4j/slf4j-api/1.7.36/slf4j-api-1.7.36.jar
2024-07-25 17:54:46,222 [Worker-28: Creating maven-archetype-quickstart] INFO  o.e.m.c.i.e.AbstractTransferListenerAdapter - Downloading https://repo.maven.apache.org/maven2/org/codehaus/plexus/plexus-utils/3.5.1/plexus-utils-3.5.1.pom
2024-07-25 17:54:46,431 [Worker-28: Creating maven-archetype-quickstart] INFO  o.e.m.c.i.e.AbstractTransferListenerAdapter - Downloaded https://repo.maven.apache.org/maven2/org/codehaus/plexus/plexus-utils/3.5.1/plexus-utils-3.5.1.pom
2024-07-25 17:54:46,551 [Worker-28: Creating maven-archetype-quickstart] INFO  o.e.m.c.i.e.AbstractTransferListenerAdapter - Downloading https://repo.maven.apache.org/maven2/org/apache/maven/shared/maven-filtering/3.3.1/maven-filtering-3.3.1.pom
2024-07-25 17:54:46,829 [Worker-28: Creating maven-archetype-quickstart] INFO  o.e.m.c.i.e.AbstractTransferListenerAdapter - Downloaded https://repo.maven.apache.org/maven2/org/apache/maven/shared/maven-filtering/3.3.1/maven-filtering-3.3.1.pom
2024-07-25 17:54:46,986 [Worker-34: Download sources and javadoc] INFO  o.e.m.c.i.e.AbstractTransferListenerAdapter - Downloading https://repo.maven.apache.org/maven2/junit/junit/3.8.1/junit-3.8.1-sources.jar
2024-07-25 17:54:47,042 [Worker-28: Creating maven-archetype-quickstart] INFO  o.e.m.c.i.e.AbstractTransferListenerAdapter - Downloading https://repo.maven.apache.org/maven2/org/apache/maven/shared/maven-shared-components/39/maven-shared-components-39.pom
2024-07-25 17:54:47,128 [Worker-34: Download sources and javadoc] INFO  o.e.m.c.i.e.AbstractTransferListenerAdapter - Downloaded https://repo.maven.apache.org/maven2/junit/junit/3.8.1/junit-3.8.1-sources.jar
2024-07-25 17:54:47,136 [Worker-34: Download sources and javadoc] INFO  o.e.m.j.internal.DownloadSourcesJob - Downloaded sources for junit:junit:3.8.1
2024-07-25 17:54:47,155 [Worker-28: Creating maven-archetype-quickstart] INFO  o.e.m.c.i.e.AbstractTransferListenerAdapter - Downloaded https://repo.maven.apache.org/maven2/org/apache/maven/shared/maven-shared-components/39/maven-shared-components-39.pom
2024-07-25 17:54:47,221 [Worker-28: Creating maven-archetype-quickstart] INFO  o.e.m.c.i.e.AbstractTransferListenerAdapter - Downloading https://repo.maven.apache.org/maven2/org/sonatype/plexus/plexus-build-api/0.0.7/plexus-build-api-0.0.7.pom
2024-07-25 17:54:47,571 [Worker-28: Creating maven-archetype-quickstart] INFO  o.e.m.c.i.e.AbstractTransferListenerAdapter - Downloaded https://repo.maven.apache.org/maven2/org/sonatype/plexus/plexus-build-api/0.0.7/plexus-build-api-0.0.7.pom
2024-07-25 17:54:47,664 [Worker-28: Creating maven-archetype-quickstart] INFO  o.e.m.c.i.e.AbstractTransferListenerAdapter - Downloading https://repo.maven.apache.org/maven2/org/sonatype/spice/spice-parent/15/spice-parent-15.pom
2024-07-25 17:54:47,795 [Worker-28: Creating maven-archetype-quickstart] INFO  o.e.m.c.i.e.AbstractTransferListenerAdapter - Downloaded https://repo.maven.apache.org/maven2/org/sonatype/spice/spice-parent/15/spice-parent-15.pom
2024-07-25 17:54:47,955 [Worker-28: Creating maven-archetype-quickstart] INFO  o.e.m.c.i.e.AbstractTransferListenerAdapter - Downloading https://repo.maven.apache.org/maven2/org/apache/commons/commons-lang3/3.12.0/commons-lang3-3.12.0.pom
2024-07-25 17:54:48,122 [Worker-28: Creating maven-archetype-quickstart] INFO  o.e.m.c.i.e.AbstractTransferListenerAdapter - Downloaded https://repo.maven.apache.org/maven2/org/apache/commons/commons-lang3/3.12.0/commons-lang3-3.12.0.pom
2024-07-25 17:54:48,204 [Worker-28: Creating maven-archetype-quickstart] INFO  o.e.m.c.i.e.AbstractTransferListenerAdapter - Downloading https://repo.maven.apache.org/maven2/org/junit/junit-bom/5.7.1/junit-bom-5.7.1.pom
2024-07-25 17:54:48,282 [Worker-28: Creating maven-archetype-quickstart] INFO  o.e.m.c.i.e.AbstractTransferListenerAdapter - Downloaded https://repo.maven.apache.org/maven2/org/junit/junit-bom/5.7.1/junit-bom-5.7.1.pom
2024-07-25 17:54:48,364 [Worker-28: Creating maven-archetype-quickstart] INFO  o.e.m.c.i.e.AbstractTransferListenerAdapter - Downloading https://repo.maven.apache.org/maven2/org/codehaus/plexus/plexus-utils/3.5.1/plexus-utils-3.5.1.jar
2024-07-25 17:54:48,598 [Worker-28: Creating maven-archetype-quickstart] INFO  o.e.m.c.i.e.AbstractTransferListenerAdapter - Downloaded https://repo.maven.apache.org/maven2/org/codehaus/plexus/plexus-utils/3.5.1/plexus-utils-3.5.1.jar
2024-07-25 17:54:48,630 [BasicRepositoryConnector-repo.maven.apache.org-2-0] INFO  o.e.m.c.i.e.AbstractTransferListenerAdapter - Downloading https://repo.maven.apache.org/maven2/org/apache/maven/shared/maven-filtering/3.3.1/maven-filtering-3.3.1.jar
2024-07-25 17:54:48,637 [BasicRepositoryConnector-repo.maven.apache.org-2-1] INFO  o.e.m.c.i.e.AbstractTransferListenerAdapter - Downloading https://repo.maven.apache.org/maven2/org/sonatype/plexus/plexus-build-api/0.0.7/plexus-build-api-0.0.7.jar
2024-07-25 17:54:48,642 [BasicRepositoryConnector-repo.maven.apache.org-2-2] INFO  o.e.m.c.i.e.AbstractTransferListenerAdapter - Downloading https://repo.maven.apache.org/maven2/org/apache/commons/commons-lang3/3.12.0/commons-lang3-3.12.0.jar
2024-07-25 17:54:48,721 [BasicRepositoryConnector-repo.maven.apache.org-2-0] INFO  o.e.m.c.i.e.AbstractTransferListenerAdapter - Downloaded https://repo.maven.apache.org/maven2/org/apache/maven/shared/maven-filtering/3.3.1/maven-filtering-3.3.1.jar
2024-07-25 17:54:49,002 [BasicRepositoryConnector-repo.maven.apache.org-2-1] INFO  o.e.m.c.i.e.AbstractTransferListenerAdapter - Downloaded https://repo.maven.apache.org/maven2/org/sonatype/plexus/plexus-build-api/0.0.7/plexus-build-api-0.0.7.jar
2024-07-25 17:54:49,020 [BasicRepositoryConnector-repo.maven.apache.org-2-2] INFO  o.e.m.c.i.e.AbstractTransferListenerAdapter - Downloaded https://repo.maven.apache.org/maven2/org/apache/commons/commons-lang3/3.12.0/commons-lang3-3.12.0.jar
2024-07-25 17:54:49,267 [Worker-28: Creating maven-archetype-quickstart] INFO  o.e.m.j.i.AbstractJavaProjectConfigurator - Adding source folder /JUniteTest/src/main/java
2024-07-25 17:54:49,274 [Worker-28: Creating maven-archetype-quickstart] INFO  o.e.m.j.i.AbstractJavaProjectConfigurator - Adding resource folder /JUniteTest/src/main/resources
2024-07-25 17:54:49,313 [Worker-28: Creating maven-archetype-quickstart] INFO  o.e.m.j.i.AbstractJavaProjectConfigurator - Adding source folder /JUniteTest/src/test/java
2024-07-25 17:54:49,315 [Worker-28: Creating maven-archetype-quickstart] INFO  o.e.m.j.i.AbstractJavaProjectConfigurator - Adding resource folder /JUniteTest/src/test/resources
2024-07-25 17:54:49,716 [Worker-28: Creating maven-archetype-quickstart] INFO  o.e.m.c.i.p.ProjectConfigurationManager - Imported and configured 1 project(s) in 23 sec
2024-07-25 17:54:53,062 [Worker-29: Building] INFO  o.a.m.s.f.DefaultMavenResourcesFiltering - skip non existing resourceDirectory F:\basicJava\JUniteTest\src\main\resources
2024-07-25 17:54:53,103 [Worker-29: Building] INFO  o.a.m.s.f.DefaultMavenResourcesFiltering - skip non existing resourceDirectory F:\basicJava\JUniteTest\src\test\resources
2024-07-25 18:07:20,628 [Worker-32: Launching mavenrun-43a8c350-8bb4-4c1e-bd2a-9cb5e73649d8] INFO  o.eclipse.m2e.core.internal.Bundles - getClasspathEntries(Bundle=org.eclipse.m2e.maven.runtime_3.9.600.20231203-1234 [299])
2024-07-25 18:07:20,629 [Worker-32: Launching mavenrun-43a8c350-8bb4-4c1e-bd2a-9cb5e73649d8] INFO  o.eclipse.m2e.core.internal.Bundles - 	Entry: C:\Users\Hp\.p2\pool\plugins\org.eclipse.m2e.maven.runtime_3.9.600.20231203-1234
2024-07-25 18:07:20,630 [Worker-32: Launching mavenrun-43a8c350-8bb4-4c1e-bd2a-9cb5e73649d8] INFO  o.eclipse.m2e.core.internal.Bundles - 	Entry: C:\Users\Hp\.p2\pool\plugins\org.eclipse.m2e.maven.runtime_3.9.600.20231203-1234\jars\aopalliance-1.0.jar
2024-07-25 18:07:20,630 [Worker-32: Launching mavenrun-43a8c350-8bb4-4c1e-bd2a-9cb5e73649d8] INFO  o.eclipse.m2e.core.internal.Bundles - 	Entry: C:\Users\Hp\.p2\pool\plugins\org.eclipse.m2e.maven.runtime_3.9.600.20231203-1234\jars\guice-5.1.0.jar
2024-07-25 18:07:20,631 [Worker-32: Launching mavenrun-43a8c350-8bb4-4c1e-bd2a-9cb5e73649d8] INFO  o.eclipse.m2e.core.internal.Bundles - 	Entry: C:\Users\Hp\.p2\pool\plugins\org.eclipse.m2e.maven.runtime_3.9.600.20231203-1234\jars\httpclient-4.5.14.jar
2024-07-25 18:07:20,631 [Worker-32: Launching mavenrun-43a8c350-8bb4-4c1e-bd2a-9cb5e73649d8] INFO  o.eclipse.m2e.core.internal.Bundles - 	Entry: C:\Users\Hp\.p2\pool\plugins\org.eclipse.m2e.maven.runtime_3.9.600.20231203-1234\jars\httpcore-4.4.16.jar
2024-07-25 18:07:20,631 [Worker-32: Launching mavenrun-43a8c350-8bb4-4c1e-bd2a-9cb5e73649d8] INFO  o.eclipse.m2e.core.internal.Bundles - 	Entry: C:\Users\Hp\.p2\pool\plugins\org.eclipse.m2e.maven.runtime_3.9.600.20231203-1234\jars\jansi-2.4.0.jar
2024-07-25 18:07:20,631 [Worker-32: Launching mavenrun-43a8c350-8bb4-4c1e-bd2a-9cb5e73649d8] INFO  o.eclipse.m2e.core.internal.Bundles - 	Entry: C:\Users\Hp\.p2\pool\plugins\org.eclipse.m2e.maven.runtime_3.9.600.20231203-1234\jars\jcl-over-slf4j-1.7.36.jar
2024-07-25 18:07:20,632 [Worker-32: Launching mavenrun-43a8c350-8bb4-4c1e-bd2a-9cb5e73649d8] INFO  o.eclipse.m2e.core.internal.Bundles - 	Entry: C:\Users\Hp\.p2\pool\plugins\org.eclipse.m2e.maven.runtime_3.9.600.20231203-1234\jars\maven-artifact-3.9.6.jar
2024-07-25 18:07:20,632 [Worker-32: Launching mavenrun-43a8c350-8bb4-4c1e-bd2a-9cb5e73649d8] INFO  o.eclipse.m2e.core.internal.Bundles - 	Entry: C:\Users\Hp\.p2\pool\plugins\org.eclipse.m2e.maven.runtime_3.9.600.20231203-1234\jars\maven-builder-support-3.9.6.jar
2024-07-25 18:07:20,632 [Worker-32: Launching mavenrun-43a8c350-8bb4-4c1e-bd2a-9cb5e73649d8] INFO  o.eclipse.m2e.core.internal.Bundles - 	Entry: C:\Users\Hp\.p2\pool\plugins\org.eclipse.m2e.maven.runtime_3.9.600.20231203-1234\jars\maven-compat-3.9.6.jar
2024-07-25 18:07:20,633 [Worker-32: Launching mavenrun-43a8c350-8bb4-4c1e-bd2a-9cb5e73649d8] INFO  o.eclipse.m2e.core.internal.Bundles - 	Entry: C:\Users\Hp\.p2\pool\plugins\org.eclipse.m2e.maven.runtime_3.9.600.20231203-1234\jars\maven-core-3.9.6.jar
2024-07-25 18:07:20,633 [Worker-32: Launching mavenrun-43a8c350-8bb4-4c1e-bd2a-9cb5e73649d8] INFO  o.eclipse.m2e.core.internal.Bundles - 	Entry: C:\Users\Hp\.p2\pool\plugins\org.eclipse.m2e.maven.runtime_3.9.600.20231203-1234\jars\maven-embedder-3.9.6.jar
2024-07-25 18:07:20,633 [Worker-32: Launching mavenrun-43a8c350-8bb4-4c1e-bd2a-9cb5e73649d8] INFO  o.eclipse.m2e.core.internal.Bundles - 	Entry: C:\Users\Hp\.p2\pool\plugins\org.eclipse.m2e.maven.runtime_3.9.600.20231203-1234\jars\maven-model-3.9.6.jar
2024-07-25 18:07:20,634 [Worker-32: Launching mavenrun-43a8c350-8bb4-4c1e-bd2a-9cb5e73649d8] INFO  o.eclipse.m2e.core.internal.Bundles - 	Entry: C:\Users\Hp\.p2\pool\plugins\org.eclipse.m2e.maven.runtime_3.9.600.20231203-1234\jars\maven-model-builder-3.9.6.jar
2024-07-25 18:07:20,634 [Worker-32: Launching mavenrun-43a8c350-8bb4-4c1e-bd2a-9cb5e73649d8] INFO  o.eclipse.m2e.core.internal.Bundles - 	Entry: C:\Users\Hp\.p2\pool\plugins\org.eclipse.m2e.maven.runtime_3.9.600.20231203-1234\jars\maven-plugin-api-3.9.6.jar
2024-07-25 18:07:20,634 [Worker-32: Launching mavenrun-43a8c350-8bb4-4c1e-bd2a-9cb5e73649d8] INFO  o.eclipse.m2e.core.internal.Bundles - 	Entry: C:\Users\Hp\.p2\pool\plugins\org.eclipse.m2e.maven.runtime_3.9.600.20231203-1234\jars\maven-repository-metadata-3.9.6.jar
2024-07-25 18:07:20,635 [Worker-32: Launching mavenrun-43a8c350-8bb4-4c1e-bd2a-9cb5e73649d8] INFO  o.eclipse.m2e.core.internal.Bundles - 	Entry: C:\Users\Hp\.p2\pool\plugins\org.eclipse.m2e.maven.runtime_3.9.600.20231203-1234\jars\maven-resolver-api-1.9.18.jar
2024-07-25 18:07:20,635 [Worker-32: Launching mavenrun-43a8c350-8bb4-4c1e-bd2a-9cb5e73649d8] INFO  o.eclipse.m2e.core.internal.Bundles - 	Entry: C:\Users\Hp\.p2\pool\plugins\org.eclipse.m2e.maven.runtime_3.9.600.20231203-1234\jars\maven-resolver-connector-basic-1.9.18.jar
2024-07-25 18:07:20,635 [Worker-32: Launching mavenrun-43a8c350-8bb4-4c1e-bd2a-9cb5e73649d8] INFO  o.eclipse.m2e.core.internal.Bundles - 	Entry: C:\Users\Hp\.p2\pool\plugins\org.eclipse.m2e.maven.runtime_3.9.600.20231203-1234\jars\maven-resolver-impl-1.9.18.jar
2024-07-25 18:07:20,635 [Worker-32: Launching mavenrun-43a8c350-8bb4-4c1e-bd2a-9cb5e73649d8] INFO  o.eclipse.m2e.core.internal.Bundles - 	Entry: C:\Users\Hp\.p2\pool\plugins\org.eclipse.m2e.maven.runtime_3.9.600.20231203-1234\jars\maven-resolver-named-locks-1.9.18.jar
2024-07-25 18:07:20,636 [Worker-32: Launching mavenrun-43a8c350-8bb4-4c1e-bd2a-9cb5e73649d8] INFO  o.eclipse.m2e.core.internal.Bundles - 	Entry: C:\Users\Hp\.p2\pool\plugins\org.eclipse.m2e.maven.runtime_3.9.600.20231203-1234\jars\maven-resolver-provider-3.9.6.jar
2024-07-25 18:07:20,637 [Worker-32: Launching mavenrun-43a8c350-8bb4-4c1e-bd2a-9cb5e73649d8] INFO  o.eclipse.m2e.core.internal.Bundles - 	Entry: C:\Users\Hp\.p2\pool\plugins\org.eclipse.m2e.maven.runtime_3.9.600.20231203-1234\jars\maven-resolver-spi-1.9.18.jar
2024-07-25 18:07:20,637 [Worker-32: Launching mavenrun-43a8c350-8bb4-4c1e-bd2a-9cb5e73649d8] INFO  o.eclipse.m2e.core.internal.Bundles - 	Entry: C:\Users\Hp\.p2\pool\plugins\org.eclipse.m2e.maven.runtime_3.9.600.20231203-1234\jars\maven-resolver-transport-file-1.9.18.jar
2024-07-25 18:07:20,637 [Worker-32: Launching mavenrun-43a8c350-8bb4-4c1e-bd2a-9cb5e73649d8] INFO  o.eclipse.m2e.core.internal.Bundles - 	Entry: C:\Users\Hp\.p2\pool\plugins\org.eclipse.m2e.maven.runtime_3.9.600.20231203-1234\jars\maven-resolver-transport-http-1.9.18.jar
2024-07-25 18:07:20,638 [Worker-32: Launching mavenrun-43a8c350-8bb4-4c1e-bd2a-9cb5e73649d8] INFO  o.eclipse.m2e.core.internal.Bundles - 	Entry: C:\Users\Hp\.p2\pool\plugins\org.eclipse.m2e.maven.runtime_3.9.600.20231203-1234\jars\maven-resolver-transport-wagon-1.9.18.jar
2024-07-25 18:07:20,638 [Worker-32: Launching mavenrun-43a8c350-8bb4-4c1e-bd2a-9cb5e73649d8] INFO  o.eclipse.m2e.core.internal.Bundles - 	Entry: C:\Users\Hp\.p2\pool\plugins\org.eclipse.m2e.maven.runtime_3.9.600.20231203-1234\jars\maven-resolver-util-1.9.18.jar
2024-07-25 18:07:20,638 [Worker-32: Launching mavenrun-43a8c350-8bb4-4c1e-bd2a-9cb5e73649d8] INFO  o.eclipse.m2e.core.internal.Bundles - 	Entry: C:\Users\Hp\.p2\pool\plugins\org.eclipse.m2e.maven.runtime_3.9.600.20231203-1234\jars\maven-settings-3.9.6.jar
2024-07-25 18:07:20,639 [Worker-32: Launching mavenrun-43a8c350-8bb4-4c1e-bd2a-9cb5e73649d8] INFO  o.eclipse.m2e.core.internal.Bundles - 	Entry: C:\Users\Hp\.p2\pool\plugins\org.eclipse.m2e.maven.runtime_3.9.600.20231203-1234\jars\maven-settings-builder-3.9.6.jar
2024-07-25 18:07:20,639 [Worker-32: Launching mavenrun-43a8c350-8bb4-4c1e-bd2a-9cb5e73649d8] INFO  o.eclipse.m2e.core.internal.Bundles - 	Entry: C:\Users\Hp\.p2\pool\plugins\org.eclipse.m2e.maven.runtime_3.9.600.20231203-1234\jars\maven-shared-utils-3.3.4.jar
2024-07-25 18:07:20,640 [Worker-32: Launching mavenrun-43a8c350-8bb4-4c1e-bd2a-9cb5e73649d8] INFO  o.eclipse.m2e.core.internal.Bundles - 	Entry: C:\Users\Hp\.p2\pool\plugins\org.eclipse.m2e.maven.runtime_3.9.600.20231203-1234\jars\org.eclipse.sisu.inject-0.9.0.M2.jar
2024-07-25 18:07:20,640 [Worker-32: Launching mavenrun-43a8c350-8bb4-4c1e-bd2a-9cb5e73649d8] INFO  o.eclipse.m2e.core.internal.Bundles - 	Entry: C:\Users\Hp\.p2\pool\plugins\org.eclipse.m2e.maven.runtime_3.9.600.20231203-1234\jars\org.eclipse.sisu.plexus-0.9.0.M2.jar
2024-07-25 18:07:20,641 [Worker-32: Launching mavenrun-43a8c350-8bb4-4c1e-bd2a-9cb5e73649d8] INFO  o.eclipse.m2e.core.internal.Bundles - 	Entry: C:\Users\Hp\.p2\pool\plugins\org.eclipse.m2e.maven.runtime_3.9.600.20231203-1234\jars\plexus-build-api-0.0.7.jar
2024-07-25 18:07:20,641 [Worker-32: Launching mavenrun-43a8c350-8bb4-4c1e-bd2a-9cb5e73649d8] INFO  o.eclipse.m2e.core.internal.Bundles - 	Entry: C:\Users\Hp\.p2\pool\plugins\org.eclipse.m2e.maven.runtime_3.9.600.20231203-1234\jars\plexus-cipher-2.0.jar
2024-07-25 18:07:20,642 [Worker-32: Launching mavenrun-43a8c350-8bb4-4c1e-bd2a-9cb5e73649d8] INFO  o.eclipse.m2e.core.internal.Bundles - 	Entry: C:\Users\Hp\.p2\pool\plugins\org.eclipse.m2e.maven.runtime_3.9.600.20231203-1234\jars\plexus-classworlds-2.7.0.jar
2024-07-25 18:07:20,642 [Worker-32: Launching mavenrun-43a8c350-8bb4-4c1e-bd2a-9cb5e73649d8] INFO  o.eclipse.m2e.core.internal.Bundles - 	Entry: C:\Users\Hp\.p2\pool\plugins\org.eclipse.m2e.maven.runtime_3.9.600.20231203-1234\jars\plexus-component-annotations-2.1.0.jar
2024-07-25 18:07:20,642 [Worker-32: Launching mavenrun-43a8c350-8bb4-4c1e-bd2a-9cb5e73649d8] INFO  o.eclipse.m2e.core.internal.Bundles - 	Entry: C:\Users\Hp\.p2\pool\plugins\org.eclipse.m2e.maven.runtime_3.9.600.20231203-1234\jars\plexus-interpolation-1.26.jar
2024-07-25 18:07:20,643 [Worker-32: Launching mavenrun-43a8c350-8bb4-4c1e-bd2a-9cb5e73649d8] INFO  o.eclipse.m2e.core.internal.Bundles - 	Entry: C:\Users\Hp\.p2\pool\plugins\org.eclipse.m2e.maven.runtime_3.9.600.20231203-1234\jars\plexus-sec-dispatcher-2.0.jar
2024-07-25 18:07:20,643 [Worker-32: Launching mavenrun-43a8c350-8bb4-4c1e-bd2a-9cb5e73649d8] INFO  o.eclipse.m2e.core.internal.Bundles - 	Entry: C:\Users\Hp\.p2\pool\plugins\org.eclipse.m2e.maven.runtime_3.9.600.20231203-1234\jars\plexus-utils-3.5.1.jar
2024-07-25 18:07:20,643 [Worker-32: Launching mavenrun-43a8c350-8bb4-4c1e-bd2a-9cb5e73649d8] INFO  o.eclipse.m2e.core.internal.Bundles - 	Entry: C:\Users\Hp\.p2\pool\plugins\org.eclipse.m2e.maven.runtime_3.9.600.20231203-1234\jars\wagon-file-3.5.3.jar
2024-07-25 18:07:20,644 [Worker-32: Launching mavenrun-43a8c350-8bb4-4c1e-bd2a-9cb5e73649d8] INFO  o.eclipse.m2e.core.internal.Bundles - 	Entry: C:\Users\Hp\.p2\pool\plugins\org.eclipse.m2e.maven.runtime_3.9.600.20231203-1234\jars\wagon-http-3.5.3.jar
2024-07-25 18:07:20,644 [Worker-32: Launching mavenrun-43a8c350-8bb4-4c1e-bd2a-9cb5e73649d8] INFO  o.eclipse.m2e.core.internal.Bundles - 	Entry: C:\Users\Hp\.p2\pool\plugins\org.eclipse.m2e.maven.runtime_3.9.600.20231203-1234\jars\wagon-http-shared-3.5.3.jar
2024-07-25 18:07:20,644 [Worker-32: Launching mavenrun-43a8c350-8bb4-4c1e-bd2a-9cb5e73649d8] INFO  o.eclipse.m2e.core.internal.Bundles - 	Entry: C:\Users\Hp\.p2\pool\plugins\org.eclipse.m2e.maven.runtime_3.9.600.20231203-1234\jars\wagon-provider-api-3.5.3.jar
2024-07-25 18:07:20,644 [Worker-32: Launching mavenrun-43a8c350-8bb4-4c1e-bd2a-9cb5e73649d8] INFO  o.eclipse.m2e.core.internal.Bundles - getClasspathEntries(Bundle=com.google.guava_33.0.0.jre [10])
2024-07-25 18:07:20,645 [Worker-32: Launching mavenrun-43a8c350-8bb4-4c1e-bd2a-9cb5e73649d8] INFO  o.eclipse.m2e.core.internal.Bundles - 	Entry: C:\Users\Hp\.p2\pool\plugins\com.google.guava_33.0.0.jre.jar
2024-07-25 18:07:20,645 [Worker-32: Launching mavenrun-43a8c350-8bb4-4c1e-bd2a-9cb5e73649d8] INFO  o.eclipse.m2e.core.internal.Bundles - getClasspathEntries(Bundle=slf4j.api_2.0.13 [520])
2024-07-25 18:07:20,646 [Worker-32: Launching mavenrun-43a8c350-8bb4-4c1e-bd2a-9cb5e73649d8] INFO  o.eclipse.m2e.core.internal.Bundles - 	Entry: C:\Users\Hp\.p2\pool\plugins\slf4j.api_2.0.13.jar
2024-07-25 18:07:20,646 [Worker-32: Launching mavenrun-43a8c350-8bb4-4c1e-bd2a-9cb5e73649d8] INFO  o.eclipse.m2e.core.internal.Bundles - getClasspathEntries(Bundle=jakarta.inject.jakarta.inject-api_1.0.5 [22])
2024-07-25 18:07:20,709 [Worker-32: Launching mavenrun-43a8c350-8bb4-4c1e-bd2a-9cb5e73649d8] INFO  o.eclipse.m2e.core.internal.Bundles - 	Entry: C:\Users\Hp\.p2\pool\plugins\jakarta.inject.jakarta.inject-api_1.0.5.jar
2024-07-25 18:07:20,709 [Worker-32: Launching mavenrun-43a8c350-8bb4-4c1e-bd2a-9cb5e73649d8] INFO  o.eclipse.m2e.core.internal.Bundles - getClasspathEntries(Bundle=jakarta.annotation-api_1.3.5 [20])
2024-07-25 18:07:20,710 [Worker-32: Launching mavenrun-43a8c350-8bb4-4c1e-bd2a-9cb5e73649d8] INFO  o.eclipse.m2e.core.internal.Bundles - 	Entry: C:\Users\Hp\.p2\pool\plugins\jakarta.annotation-api_1.3.5.jar
2024-07-25 18:07:20,710 [Worker-32: Launching mavenrun-43a8c350-8bb4-4c1e-bd2a-9cb5e73649d8] INFO  o.eclipse.m2e.core.internal.Bundles - getClasspathEntries(Bundle=org.apache.commons.cli_1.6.0 [46])
2024-07-25 18:07:20,711 [Worker-32: Launching mavenrun-43a8c350-8bb4-4c1e-bd2a-9cb5e73649d8] INFO  o.eclipse.m2e.core.internal.Bundles - 	Entry: C:\Users\Hp\.p2\pool\plugins\org.apache.commons.cli_1.6.0.jar
2024-07-25 18:07:20,711 [Worker-32: Launching mavenrun-43a8c350-8bb4-4c1e-bd2a-9cb5e73649d8] INFO  o.eclipse.m2e.core.internal.Bundles - getClasspathEntries(Bundle=org.apache.commons.commons-codec_1.16.0 [47])
2024-07-25 18:07:20,713 [Worker-32: Launching mavenrun-43a8c350-8bb4-4c1e-bd2a-9cb5e73649d8] INFO  o.eclipse.m2e.core.internal.Bundles - 	Entry: C:\Users\Hp\.p2\pool\plugins\org.apache.commons.commons-codec_1.16.0.jar
2024-07-25 18:07:20,713 [Worker-32: Launching mavenrun-43a8c350-8bb4-4c1e-bd2a-9cb5e73649d8] INFO  o.eclipse.m2e.core.internal.Bundles - getClasspathEntries(Bundle=org.apache.commons.lang3_3.14.0 [53])
2024-07-25 18:07:20,714 [Worker-32: Launching mavenrun-43a8c350-8bb4-4c1e-bd2a-9cb5e73649d8] INFO  o.eclipse.m2e.core.internal.Bundles - 	Entry: C:\Users\Hp\.p2\pool\plugins\org.apache.commons.lang3_3.14.0.jar
2024-07-25 18:07:20,714 [Worker-32: Launching mavenrun-43a8c350-8bb4-4c1e-bd2a-9cb5e73649d8] INFO  o.eclipse.m2e.core.internal.Bundles - getClasspathEntries(Bundle=com.google.guava.failureaccess_1.0.2 [11])
2024-07-25 18:07:20,715 [Worker-32: Launching mavenrun-43a8c350-8bb4-4c1e-bd2a-9cb5e73649d8] INFO  o.eclipse.m2e.core.internal.Bundles - 	Entry: C:\Users\Hp\.p2\pool\plugins\com.google.guava.failureaccess_1.0.2.jar
2024-07-25 18:07:20,717 [Worker-32: Launching mavenrun-43a8c350-8bb4-4c1e-bd2a-9cb5e73649d8] INFO  o.e.m.i.launch.MavenLaunchDelegate - Run build in "C:\Users\Hp\AppData\Local\Temp\m2e-archetypeGenerator15027038175494135104":
2024-07-25 18:07:20,717 [Worker-32: Launching mavenrun-43a8c350-8bb4-4c1e-bd2a-9cb5e73649d8] INFO  o.e.m.i.launch.MavenLaunchDelegate -  mvn  -DarchetypeGroupId=org.apache.maven.archetypes -DarchetypeArtifactId=maven-archetype-quickstart -DarchetypeVersion=1.1 -DgroupId=com.anudeep -DartifactId=JUnitTesting -Dversion=0.0.1-SNAPSHOT -Dpackage=com.anudeep.JUnitTesting -DoutputDirectory=F:\basicJava -Dstyle.color=always -U archetype:generate
2024-07-25 18:09:26,740 [Worker-34: Creating maven-archetype-quickstart] INFO  o.e.m.c.i.p.ProjectConfigurationManager - Collecting project info '/pom.xml' F:\basicJava\JUnitTesting\pom.xml
2024-07-25 18:09:26,902 [Worker-34: Creating maven-archetype-quickstart] INFO  o.e.m.c.i.l.LifecycleMappingFactory - Using org.eclipse.m2e.jdt.JarLifecycleMapping lifecycle mapping for MavenProject: com.anudeep:JUnitTesting:0.0.1-SNAPSHOT @ F:\basicJava\JUnitTesting\pom.xml.
2024-07-25 18:09:27,079 [Worker-34: Creating maven-archetype-quickstart] INFO  o.e.m.j.i.AbstractJavaProjectConfigurator - Adding source folder /JUnitTesting/src/main/java
2024-07-25 18:09:27,080 [Worker-34: Creating maven-archetype-quickstart] INFO  o.e.m.j.i.AbstractJavaProjectConfigurator - Adding resource folder /JUnitTesting/src/main/resources
2024-07-25 18:09:27,087 [Worker-34: Creating maven-archetype-quickstart] INFO  o.e.m.j.i.AbstractJavaProjectConfigurator - Adding source folder /JUnitTesting/src/test/java
2024-07-25 18:09:27,088 [Worker-34: Creating maven-archetype-quickstart] INFO  o.e.m.j.i.AbstractJavaProjectConfigurator - Adding resource folder /JUnitTesting/src/test/resources
2024-07-25 18:09:27,299 [Worker-34: Creating maven-archetype-quickstart] INFO  o.e.m.c.i.p.ProjectConfigurationManager - Imported and configured 1 project(s) in 0 sec
2024-07-25 18:09:33,215 [Worker-30: Building] INFO  o.a.m.s.f.DefaultMavenResourcesFiltering - skip non existing resourceDirectory F:\basicJava\JUnitTesting\src\main\resources
2024-07-25 18:09:33,227 [Worker-30: Building] INFO  o.a.m.s.f.DefaultMavenResourcesFiltering - skip non existing resourceDirectory F:\basicJava\JUnitTesting\src\test\resources
2024-07-25 18:38:13,023 [Worker-35: Building] INFO  o.a.m.s.f.DefaultMavenResourcesFiltering - skip non existing resourceDirectory F:\basicJava\JUnitTesting\src\main\resources
2024-07-25 18:38:13,031 [Worker-35: Building] INFO  o.a.m.s.f.DefaultMavenResourcesFiltering - skip non existing resourceDirectory F:\basicJava\JUnitTesting\src\test\resources
2024-07-25 18:40:44,220 [Worker-35: Building] INFO  o.a.m.s.f.DefaultMavenResourcesFiltering - skip non existing resourceDirectory F:\basicJava\JUnitTesting\src\main\resources
2024-07-25 18:40:44,226 [Worker-35: Building] INFO  o.a.m.s.f.DefaultMavenResourcesFiltering - skip non existing resourceDirectory F:\basicJava\JUnitTesting\src\test\resources
2024-07-25 18:46:23,384 [Worker-29: Building] INFO  o.a.m.s.f.DefaultMavenResourcesFiltering - skip non existing resourceDirectory F:\basicJava\JUnitTesting\src\main\resources
2024-07-25 18:46:23,390 [Worker-29: Building] INFO  o.a.m.s.f.DefaultMavenResourcesFiltering - skip non existing resourceDirectory F:\basicJava\JUnitTesting\src\test\resources
2024-07-25 18:50:21,832 [Worker-38: Launching ServiceTeast] INFO  o.a.m.s.f.DefaultMavenResourcesFiltering - skip non existing resourceDirectory F:\basicJava\JUnitTesting\src\main\resources
2024-07-25 18:50:21,840 [Worker-38: Launching ServiceTeast] INFO  o.a.m.s.f.DefaultMavenResourcesFiltering - skip non existing resourceDirectory F:\basicJava\JUnitTesting\src\test\resources
2024-07-25 18:53:27,086 [Worker-34: Launching ServiceTeast] INFO  o.a.m.s.f.DefaultMavenResourcesFiltering - skip non existing resourceDirectory F:\basicJava\JUnitTesting\src\main\resources
2024-07-25 18:53:27,092 [Worker-34: Launching ServiceTeast] INFO  o.a.m.s.f.DefaultMavenResourcesFiltering - skip non existing resourceDirectory F:\basicJava\JUnitTesting\src\test\resources
2024-07-25 19:11:26,435 [Worker-35: Launching ServiceTeast] INFO  o.a.m.s.f.DefaultMavenResourcesFiltering - skip non existing resourceDirectory F:\basicJava\JUnitTesting\src\main\resources
2024-07-25 19:11:26,441 [Worker-35: Launching ServiceTeast] INFO  o.a.m.s.f.DefaultMavenResourcesFiltering - skip non existing resourceDirectory F:\basicJava\JUnitTesting\src\test\resources
2024-07-25 19:14:41,615 [Worker-35: Launching ServiceTeast] INFO  o.a.m.s.f.DefaultMavenResourcesFiltering - skip non existing resourceDirectory F:\basicJava\JUnitTesting\src\main\resources
2024-07-25 19:14:41,621 [Worker-35: Launching ServiceTeast] INFO  o.a.m.s.f.DefaultMavenResourcesFiltering - skip non existing resourceDirectory F:\basicJava\JUnitTesting\src\test\resources
2024-07-25 19:18:36,010 [Worker-42: Building] INFO  o.a.m.s.f.DefaultMavenResourcesFiltering - skip non existing resourceDirectory F:\basicJava\JUnitTesting\src\main\resources
2024-07-25 19:18:36,016 [Worker-42: Building] INFO  o.a.m.s.f.DefaultMavenResourcesFiltering - skip non existing resourceDirectory F:\basicJava\JUnitTesting\src\test\resources
2024-07-25 19:24:08,360 [Worker-43: Launching ServiceTeast] INFO  o.a.m.s.f.DefaultMavenResourcesFiltering - skip non existing resourceDirectory F:\basicJava\JUnitTesting\src\main\resources
2024-07-25 19:24:08,366 [Worker-43: Launching ServiceTeast] INFO  o.a.m.s.f.DefaultMavenResourcesFiltering - skip non existing resourceDirectory F:\basicJava\JUnitTesting\src\test\resources
2024-07-25 19:25:19,440 [Worker-35: Launching ServiceTeast] INFO  o.a.m.s.f.DefaultMavenResourcesFiltering - skip non existing resourceDirectory F:\basicJava\JUnitTesting\src\main\resources
2024-07-25 19:25:19,445 [Worker-35: Launching ServiceTeast] INFO  o.a.m.s.f.DefaultMavenResourcesFiltering - skip non existing resourceDirectory F:\basicJava\JUnitTesting\src\test\resources
2024-07-25 19:26:27,908 [Worker-35: Launching ServiceTeast] INFO  o.a.m.s.f.DefaultMavenResourcesFiltering - skip non existing resourceDirectory F:\basicJava\JUnitTesting\src\main\resources
2024-07-25 19:26:27,915 [Worker-35: Launching ServiceTeast] INFO  o.a.m.s.f.DefaultMavenResourcesFiltering - skip non existing resourceDirectory F:\basicJava\JUnitTesting\src\test\resources
2024-07-25 19:29:14,310 [Worker-42: Building] INFO  o.a.m.s.f.DefaultMavenResourcesFiltering - skip non existing resourceDirectory F:\basicJava\JUnitTesting\src\main\resources
2024-07-25 19:29:14,316 [Worker-42: Building] INFO  o.a.m.s.f.DefaultMavenResourcesFiltering - skip non existing resourceDirectory F:\basicJava\JUnitTesting\src\test\resources
2024-07-25 19:30:10,804 [Worker-5: Loading available Gradle versions] INFO  o.e.b.c.i.u.g.PublishedGradleVersions - Gradle version information cache is up-to-date. Trying to read.
2024-07-25 19:31:07,878 [Worker-8: Launching ServiceTeast] INFO  o.a.m.s.f.DefaultMavenResourcesFiltering - skip non existing resourceDirectory F:\basicJava\JUnitTesting\src\main\resources
2024-07-25 19:31:07,893 [Worker-8: Launching ServiceTeast] INFO  o.a.m.s.f.DefaultMavenResourcesFiltering - skip non existing resourceDirectory F:\basicJava\JUnitTesting\src\test\resources
2024-07-25 19:34:09,089 [Worker-16: Launching ServiceTeast] INFO  o.a.m.s.f.DefaultMavenResourcesFiltering - skip non existing resourceDirectory F:\basicJava\JUnitTesting\src\main\resources
2024-07-25 19:34:09,096 [Worker-16: Launching ServiceTeast] INFO  o.a.m.s.f.DefaultMavenResourcesFiltering - skip non existing resourceDirectory F:\basicJava\JUnitTesting\src\test\resources
2024-07-25 19:34:52,945 [Worker-2: Launching ServiceTeast] INFO  o.a.m.s.f.DefaultMavenResourcesFiltering - skip non existing resourceDirectory F:\basicJava\JUnitTesting\src\main\resources
2024-07-25 19:34:52,952 [Worker-2: Launching ServiceTeast] INFO  o.a.m.s.f.DefaultMavenResourcesFiltering - skip non existing resourceDirectory F:\basicJava\JUnitTesting\src\test\resources
2024-07-25 19:35:22,886 [Worker-13: Launching ServiceTeast] INFO  o.a.m.s.f.DefaultMavenResourcesFiltering - skip non existing resourceDirectory F:\basicJava\JUnitTesting\src\main\resources
2024-07-25 19:35:22,893 [Worker-13: Launching ServiceTeast] INFO  o.a.m.s.f.DefaultMavenResourcesFiltering - skip non existing resourceDirectory F:\basicJava\JUnitTesting\src\test\resources
2024-07-25 19:35:44,671 [Worker-17: Launching ServiceTeast] INFO  o.a.m.s.f.DefaultMavenResourcesFiltering - skip non existing resourceDirectory F:\basicJava\JUnitTesting\src\main\resources
2024-07-25 19:35:44,677 [Worker-17: Launching ServiceTeast] INFO  o.a.m.s.f.DefaultMavenResourcesFiltering - skip non existing resourceDirectory F:\basicJava\JUnitTesting\src\test\resources
2024-07-25 19:56:55,003 [Worker-21: Building] INFO  o.a.m.s.f.DefaultMavenResourcesFiltering - skip non existing resourceDirectory F:\basicJava\JUnitTesting\src\main\resources
2024-07-25 19:56:55,009 [Worker-21: Building] INFO  o.a.m.s.f.DefaultMavenResourcesFiltering - skip non existing resourceDirectory F:\basicJava\JUnitTesting\src\test\resources
2024-07-25 19:58:27,542 [Worker-2: Building] INFO  o.a.m.s.f.DefaultMavenResourcesFiltering - skip non existing resourceDirectory F:\basicJava\JUnitTesting\src\main\resources
2024-07-25 19:58:27,548 [Worker-2: Building] INFO  o.a.m.s.f.DefaultMavenResourcesFiltering - skip non existing resourceDirectory F:\basicJava\JUnitTesting\src\test\resources
2024-07-25 20:06:46,512 [Worker-21: Launching CalculatorTest] INFO  o.a.m.s.f.DefaultMavenResourcesFiltering - skip non existing resourceDirectory F:\basicJava\JUnitTesting\src\main\resources
2024-07-25 20:06:46,516 [Worker-21: Launching CalculatorTest] INFO  o.a.m.s.f.DefaultMavenResourcesFiltering - skip non existing resourceDirectory F:\basicJava\JUnitTesting\src\test\resources
2024-07-25 20:07:21,673 [Worker-23: Launching CalculatorTest] INFO  o.a.m.s.f.DefaultMavenResourcesFiltering - skip non existing resourceDirectory F:\basicJava\JUnitTesting\src\main\resources
2024-07-25 20:07:21,677 [Worker-23: Launching CalculatorTest] INFO  o.a.m.s.f.DefaultMavenResourcesFiltering - skip non existing resourceDirectory F:\basicJava\JUnitTesting\src\test\resources
2024-07-26 08:20:23,170 [Worker-9: Loading available Gradle versions] INFO  o.e.b.c.i.u.g.PublishedGradleVersions - Gradle version information cache is up-to-date. Trying to read.
2024-07-26 08:21:55,952 [Worker-1: Building] INFO  o.a.m.s.f.DefaultMavenResourcesFiltering - skip non existing resourceDirectory F:\basicJava\JUnitTesting\src\main\resources
2024-07-26 08:21:55,962 [Worker-1: Building] INFO  o.a.m.s.f.DefaultMavenResourcesFiltering - skip non existing resourceDirectory F:\basicJava\JUnitTesting\src\test\resources
2024-07-26 08:21:58,509 [Worker-15: Building] INFO  o.a.m.s.f.DefaultMavenResourcesFiltering - skip non existing resourceDirectory F:\basicJava\JUnitTesting\src\main\resources
2024-07-26 08:21:58,513 [Worker-15: Building] INFO  o.a.m.s.f.DefaultMavenResourcesFiltering - skip non existing resourceDirectory F:\basicJava\JUnitTesting\src\test\resources
2024-07-26 16:45:14,239 [Worker-3: Loading available Gradle versions] INFO  o.e.b.c.i.u.g.PublishedGradleVersions - Gradle version information cache is up-to-date. Trying to read.
2024-07-26 17:38:03,258 [Worker-26: Launching ServiceTeast] INFO  o.a.m.s.f.DefaultMavenResourcesFiltering - skip non existing resourceDirectory F:\basicJava\JUnitTesting\src\main\resources
2024-07-26 17:38:03,272 [Worker-26: Launching ServiceTeast] INFO  o.a.m.s.f.DefaultMavenResourcesFiltering - skip non existing resourceDirectory F:\basicJava\JUnitTesting\src\test\resources
2024-07-31 16:48:44,472 [Worker-1: Loading available Gradle versions] INFO  o.e.b.c.i.u.g.PublishedGradleVersions - Gradle version information cache is out-of-date. Trying to update.
2024-08-01 15:57:04,964 [Worker-3: Loading available Gradle versions] INFO  o.e.b.c.i.u.g.PublishedGradleVersions - Gradle version information cache is up-to-date. Trying to read.
2024-08-03 16:18:42,857 [Worker-1: Loading available Gradle versions] INFO  o.e.b.c.i.u.g.PublishedGradleVersions - Gradle version information cache is out-of-date. Trying to update.
2024-08-03 17:04:52,027 [Worker-2: Loading available Gradle versions] INFO  o.e.b.c.i.u.g.PublishedGradleVersions - Gradle version information cache is up-to-date. Trying to read.
2024-08-05 11:54:04,086 [Worker-2: Loading available Gradle versions] INFO  o.e.b.c.i.u.g.PublishedGradleVersions - Gradle version information cache is out-of-date. Trying to update.
2024-08-06 15:53:55,872 [Worker-2: Loading available Gradle versions] INFO  o.e.b.c.i.u.g.PublishedGradleVersions - Gradle version information cache is out-of-date. Trying to update.
2024-08-07 16:13:46,084 [Worker-3: Loading available Gradle versions] INFO  o.e.b.c.i.u.g.PublishedGradleVersions - Gradle version information cache is out-of-date. Trying to update.
2024-08-08 11:06:03,322 [Worker-3: Loading available Gradle versions] INFO  o.e.b.c.i.u.g.PublishedGradleVersions - Gradle version information cache is up-to-date. Trying to read.
2024-08-09 15:44:14,093 [Worker-1: Loading available Gradle versions] INFO  o.e.b.c.i.u.g.PublishedGradleVersions - Gradle version information cache is out-of-date. Trying to update.
2024-08-10 17:13:50,418 [Worker-2: Loading available Gradle versions] INFO  o.e.b.c.i.u.g.PublishedGradleVersions - Gradle version information cache is out-of-date. Trying to update.
2024-08-12 16:09:03,411 [Worker-3: Loading available Gradle versions] INFO  o.e.b.c.i.u.g.PublishedGradleVersions - Gradle version information cache is out-of-date. Trying to update.
2024-08-12 17:30:04,875 [Worker-1: Loading available Gradle versions] INFO  o.e.b.c.i.u.g.PublishedGradleVersions - Gradle version information cache is up-to-date. Trying to read.
2024-08-13 16:21:18,619 [Worker-2: Loading available Gradle versions] INFO  o.e.b.c.i.u.g.PublishedGradleVersions - Gradle version information cache is out-of-date. Trying to update.
2024-08-13 20:47:33,718 [Worker-0: Loading available Gradle versions] INFO  o.e.b.c.i.u.g.PublishedGradleVersions - Gradle version information cache is up-to-date. Trying to read.
2024-08-16 22:20:44,204 [Worker-0: Loading available Gradle versions] INFO  o.e.b.c.i.u.g.PublishedGradleVersions - Gradle version information cache is out-of-date. Trying to update.
2024-08-23 10:57:54,151 [Worker-1: Loading available Gradle versions] INFO  o.e.b.c.i.u.g.PublishedGradleVersions - Gradle version information cache is out-of-date. Trying to update.
2024-08-24 12:26:17,438 [Worker-1: Loading available Gradle versions] INFO  o.e.b.c.i.u.g.PublishedGradleVersions - Gradle version information cache is out-of-date. Trying to update.
2024-08-24 21:24:03,656 [Worker-0: Loading available Gradle versions] INFO  o.e.b.c.i.u.g.PublishedGradleVersions - Gradle version information cache is up-to-date. Trying to read.
